This is pdfTeX, Version 3.14159265-2.6-1.40.19 (TeX Live 2018) (preloaded format=pdflatex 2018.4.16)  14 OCT 2023 17:09
entering extended mode
 restricted \write18 enabled.
 %&-line parsing enabled.
**RevProyCert.tex
(./RevProyCert.tex
LaTeX2e <2018-04-01> patch level 2
Babel <3.18> and hyphenation patterns for 84 language(s) loaded.
(/usr/local/texlive/2018/texmf-dist/tex/latex/base/article.cls
Document Class: article 2014/09/29 v1.4h Standard LaTeX document class
(/usr/local/texlive/2018/texmf-dist/tex/latex/base/size12.clo
File: size12.clo 2014/09/29 v1.4h Standard LaTeX file (size option)
)
\c@part=\count80
\c@section=\count81
\c@subsection=\count82
\c@subsubsection=\count83
\c@paragraph=\count84
\c@subparagraph=\count85
\c@figure=\count86
\c@table=\count87
\abovecaptionskip=\skip41
\belowcaptionskip=\skip42
\bibindent=\dimen102
)
(/usr/local/texlive/2018/texmf-dist/tex/latex/graphics/graphicx.sty
Package: graphicx 2017/06/01 v1.1a Enhanced LaTeX Graphics (DPC,SPQR)

(/usr/local/texlive/2018/texmf-dist/tex/latex/graphics/keyval.sty
Package: keyval 2014/10/28 v1.15 key=value parser (DPC)
\KV@toks@=\toks14
)
(/usr/local/texlive/2018/texmf-dist/tex/latex/graphics/graphics.sty
Package: graphics 2017/06/25 v1.2c Standard LaTeX Graphics (DPC,SPQR)

(/usr/local/texlive/2018/texmf-dist/tex/latex/graphics/trig.sty
Package: trig 2016/01/03 v1.10 sin cos tan (DPC)
)
(/usr/local/texlive/2018/texmf-dist/tex/latex/graphics-cfg/graphics.cfg
File: graphics.cfg 2016/06/04 v1.11 sample graphics configuration
)
Package graphics Info: Driver file: pdftex.def on input line 99.

(/usr/local/texlive/2018/texmf-dist/tex/latex/graphics-def/pdftex.def
File: pdftex.def 2018/01/08 v1.0l Graphics/color driver for pdftex
))
\Gin@req@height=\dimen103
\Gin@req@width=\dimen104
)
(/usr/local/texlive/2018/texmf-dist/tex/latex/geometry/geometry.sty
Package: geometry 2018/03/24 v5.7 Page Geometry

(/usr/local/texlive/2018/texmf-dist/tex/generic/oberdiek/ifpdf.sty
Package: ifpdf 2017/03/15 v3.2 Provides the ifpdf switch
)
(/usr/local/texlive/2018/texmf-dist/tex/generic/oberdiek/ifvtex.sty
Package: ifvtex 2016/05/16 v1.6 Detect VTeX and its facilities (HO)
Package ifvtex Info: VTeX not detected.
)
(/usr/local/texlive/2018/texmf-dist/tex/generic/ifxetex/ifxetex.sty
Package: ifxetex 2010/09/12 v0.6 Provides ifxetex conditional
)
\Gm@cnth=\count88
\Gm@cntv=\count89
\c@Gm@tempcnt=\count90
\Gm@bindingoffset=\dimen105
\Gm@wd@mp=\dimen106
\Gm@odd@mp=\dimen107
\Gm@even@mp=\dimen108
\Gm@layoutwidth=\dimen109
\Gm@layoutheight=\dimen110
\Gm@layouthoffset=\dimen111
\Gm@layoutvoffset=\dimen112
\Gm@dimlist=\toks15
)
(/usr/local/texlive/2018/texmf-dist/tex/latex/moreverb/moreverb.sty
Package: moreverb 2008/06/03 v2.3a `more' verbatim facilities

(/usr/local/texlive/2018/texmf-dist/tex/latex/tools/verbatim.sty
Package: verbatim 2014/10/28 v1.5q LaTeX2e package for verbatim enhancements
\every@verbatim=\toks16
\verbatim@line=\toks17
\verbatim@in@stream=\read1
)
\tab@position=\count91
\tab@size=\count92
\listing@line=\count93
)
(/usr/local/texlive/2018/texmf-dist/tex/latex/graphics/rotating.sty
Package: rotating 2016/08/11 v2.16d rotated objects in LaTeX

(/usr/local/texlive/2018/texmf-dist/tex/latex/base/ifthen.sty
Package: ifthen 2014/09/29 v1.1c Standard LaTeX ifthen package (DPC)
)
\c@r@tfl@t=\count94
\rotFPtop=\skip43
\rotFPbot=\skip44
\rot@float@box=\box26
\rot@mess@toks=\toks18
)
(/usr/local/texlive/2018/texmf-dist/tex/latex/url/url.sty
\Urlmuskip=\muskip10
Package: url 2013/09/16  ver 3.4  Verb mode for urls, etc.
)
(/usr/local/texlive/2018/texmf-dist/tex/latex/hyperref/hyperref.sty
Package: hyperref 2018/02/06 v6.86b Hypertext links for LaTeX

(/usr/local/texlive/2018/texmf-dist/tex/generic/oberdiek/hobsub-hyperref.sty
Package: hobsub-hyperref 2016/05/16 v1.14 Bundle oberdiek, subset hyperref (HO)


(/usr/local/texlive/2018/texmf-dist/tex/generic/oberdiek/hobsub-generic.sty
Package: hobsub-generic 2016/05/16 v1.14 Bundle oberdiek, subset generic (HO)
Package: hobsub 2016/05/16 v1.14 Construct package bundles (HO)
Package: infwarerr 2016/05/16 v1.4 Providing info/warning/error messages (HO)
Package: ltxcmds 2016/05/16 v1.23 LaTeX kernel commands for general use (HO)
Package: ifluatex 2016/05/16 v1.4 Provides the ifluatex switch (HO)
Package ifluatex Info: LuaTeX not detected.
Package hobsub Info: Skipping package `ifvtex' (already loaded).
Package: intcalc 2016/05/16 v1.2 Expandable calculations with integers (HO)
Package hobsub Info: Skipping package `ifpdf' (already loaded).
Package: etexcmds 2016/05/16 v1.6 Avoid name clashes with e-TeX commands (HO)
Package etexcmds Info: Could not find \expanded.
(etexcmds)             That can mean that you are not using pdfTeX 1.50 or
(etexcmds)             that some package has redefined \expanded.
(etexcmds)             In the latter case, load this package earlier.
Package: kvsetkeys 2016/05/16 v1.17 Key value parser (HO)
Package: kvdefinekeys 2016/05/16 v1.4 Define keys (HO)
Package: pdftexcmds 2018/01/30 v0.27 Utility functions of pdfTeX for LuaTeX (HO
)
Package pdftexcmds Info: LuaTeX not detected.
Package pdftexcmds Info: \pdf@primitive is available.
Package pdftexcmds Info: \pdf@ifprimitive is available.
Package pdftexcmds Info: \pdfdraftmode found.
Package: pdfescape 2016/05/16 v1.14 Implements pdfTeX's escape features (HO)
Package: bigintcalc 2016/05/16 v1.4 Expandable calculations on big integers (HO
)
Package: bitset 2016/05/16 v1.2 Handle bit-vector datatype (HO)
Package: uniquecounter 2016/05/16 v1.3 Provide unlimited unique counter (HO)
)
Package hobsub Info: Skipping package `hobsub' (already loaded).
Package: letltxmacro 2016/05/16 v1.5 Let assignment for LaTeX macros (HO)
Package: hopatch 2016/05/16 v1.3 Wrapper for package hooks (HO)
Package: xcolor-patch 2016/05/16 xcolor patch
Package: atveryend 2016/05/16 v1.9 Hooks at the very end of document (HO)
Package atveryend Info: \enddocument detected (standard20110627).
Package: atbegshi 2016/06/09 v1.18 At begin shipout hook (HO)
Package: refcount 2016/05/16 v3.5 Data extraction from label references (HO)
Package: hycolor 2016/05/16 v1.8 Color options for hyperref/bookmark (HO)
)
(/usr/local/texlive/2018/texmf-dist/tex/latex/oberdiek/auxhook.sty
Package: auxhook 2016/05/16 v1.4 Hooks for auxiliary files (HO)
)
(/usr/local/texlive/2018/texmf-dist/tex/latex/oberdiek/kvoptions.sty
Package: kvoptions 2016/05/16 v3.12 Key value format for package options (HO)
)
\@linkdim=\dimen113
\Hy@linkcounter=\count95
\Hy@pagecounter=\count96

(/usr/local/texlive/2018/texmf-dist/tex/latex/hyperref/pd1enc.def
File: pd1enc.def 2018/02/06 v6.86b Hyperref: PDFDocEncoding definition (HO)
Now handling font encoding PD1 ...
... no UTF-8 mapping file for font encoding PD1
)
\Hy@SavedSpaceFactor=\count97

(/usr/local/texlive/2018/texmf-dist/tex/latex/latexconfig/hyperref.cfg
File: hyperref.cfg 2002/06/06 v1.2 hyperref configuration of TeXLive
)
Package hyperref Info: Hyper figures OFF on input line 4509.
Package hyperref Info: Link nesting OFF on input line 4514.
Package hyperref Info: Hyper index ON on input line 4517.
Package hyperref Info: Plain pages OFF on input line 4524.
Package hyperref Info: Backreferencing OFF on input line 4529.
Package hyperref Info: Implicit mode ON; LaTeX internals redefined.
Package hyperref Info: Bookmarks ON on input line 4762.
\c@Hy@tempcnt=\count98
LaTeX Info: Redefining \url on input line 5115.
\XeTeXLinkMargin=\dimen114
\Fld@menulength=\count99
\Field@Width=\dimen115
\Fld@charsize=\dimen116
Package hyperref Info: Hyper figures OFF on input line 6369.
Package hyperref Info: Link nesting OFF on input line 6374.
Package hyperref Info: Hyper index ON on input line 6377.
Package hyperref Info: backreferencing OFF on input line 6384.
Package hyperref Info: Link coloring OFF on input line 6389.
Package hyperref Info: Link coloring with OCG OFF on input line 6394.
Package hyperref Info: PDF/A mode OFF on input line 6399.
LaTeX Info: Redefining \ref on input line 6439.
LaTeX Info: Redefining \pageref on input line 6443.
\Hy@abspage=\count100
\c@Item=\count101
\c@Hfootnote=\count102
)
Package hyperref Info: Driver (autodetected): hpdftex.

(/usr/local/texlive/2018/texmf-dist/tex/latex/hyperref/hpdftex.def
File: hpdftex.def 2018/02/06 v6.86b Hyperref driver for pdfTeX
\Fld@listcount=\count103
\c@bookmark@seq@number=\count104

(/usr/local/texlive/2018/texmf-dist/tex/latex/oberdiek/rerunfilecheck.sty
Package: rerunfilecheck 2016/05/16 v1.8 Rerun checks for auxiliary files (HO)
Package uniquecounter Info: New unique counter `rerunfilecheck' on input line 2
82.
)
\Hy@SectionHShift=\skip45
)
(/usr/local/texlive/2018/texmf-dist/tex/latex/multirow/multirow.sty
Package: multirow 2016/11/25 v2.2 Span multiple rows of a table
\multirow@colwidth=\skip46
\multirow@cntb=\count105
\multirow@dima=\skip47
\bigstrutjot=\dimen117
)
(/usr/local/texlive/2018/texmf-dist/tex/latex/amsfonts/amssymb.sty
Package: amssymb 2013/01/14 v3.01 AMS font symbols

(/usr/local/texlive/2018/texmf-dist/tex/latex/amsfonts/amsfonts.sty
Package: amsfonts 2013/01/14 v3.01 Basic AMSFonts support
\@emptytoks=\toks19
\symAMSa=\mathgroup4
\symAMSb=\mathgroup5
LaTeX Font Info:    Overwriting math alphabet `\mathfrak' in version `bold'
(Font)                  U/euf/m/n --> U/euf/b/n on input line 106.
))
(/usr/local/texlive/2018/texmf-dist/tex/latex/graphics/lscape.sty
Package: lscape 2000/10/22 v3.01 Landscape Pages (DPC)
)
(/usr/local/texlive/2018/texmf-dist/tex/latex/tools/longtable.sty
Package: longtable 2014/10/28 v4.11 Multi-page Table package (DPC)
\LTleft=\skip48
\LTright=\skip49
\LTpre=\skip50
\LTpost=\skip51
\LTchunksize=\count106
\LTcapwidth=\dimen118
\LT@head=\box27
\LT@firsthead=\box28
\LT@foot=\box29
\LT@lastfoot=\box30
\LT@cols=\count107
\LT@rows=\count108
\c@LT@tables=\count109
\c@LT@chunks=\count110
\LT@p@ftn=\toks20
)
(/usr/local/texlive/2018/texmf-dist/tex/latex/xcolor/xcolor.sty
Package: xcolor 2016/05/11 v2.12 LaTeX color extensions (UK)

(/usr/local/texlive/2018/texmf-dist/tex/latex/graphics-cfg/color.cfg
File: color.cfg 2016/01/02 v1.6 sample color configuration
)
Package xcolor Info: Driver file: pdftex.def on input line 225.
Package xcolor Info: Model `cmy' substituted by `cmy0' on input line 1348.
Package xcolor Info: Model `hsb' substituted by `rgb' on input line 1352.
Package xcolor Info: Model `RGB' extended on input line 1364.
Package xcolor Info: Model `HTML' substituted by `rgb' on input line 1366.
Package xcolor Info: Model `Hsb' substituted by `hsb' on input line 1367.
Package xcolor Info: Model `tHsb' substituted by `hsb' on input line 1368.
Package xcolor Info: Model `HSB' substituted by `hsb' on input line 1369.
Package xcolor Info: Model `Gray' substituted by `gray' on input line 1370.
Package xcolor Info: Model `wave' substituted by `hsb' on input line 1371.

(/usr/local/texlive/2018/texmf-dist/tex/latex/graphics/dvipsnam.def
File: dvipsnam.def 2016/06/17 v3.0m Driver-dependent file (DPC,SPQR)
))
(/usr/local/texlive/2018/texmf-dist/tex/generic/babel/babel.sty
Package: babel 2018/02/14 3.18 The Babel package

(/usr/local/texlive/2018/texmf-dist/tex/generic/babel/switch.def
File: switch.def 2018/02/14 3.18 Babel switching mechanism
)
(/usr/local/texlive/2018/texmf-dist/tex/generic/babel-spanish/spanish.ldf
Language: spanish.ldf 2016/03/03 v5.0p Spanish support from the babel system

(/usr/local/texlive/2018/texmf-dist/tex/generic/babel/babel.def
File: babel.def 2018/02/14 3.18 Babel common definitions
\babel@savecnt=\count111
\U@D=\dimen119

(/usr/local/texlive/2018/texmf-dist/tex/generic/babel/txtbabel.def)
\bbl@dirlevel=\count112
)
\es@quottoks=\toks21
\es@quotdepth=\count113
Package babel Info: Making " an active character on input line 561.
Package babel Info: Making . an active character on input line 662.
Package babel Info: Making < an active character on input line 707.
Package babel Info: Making > an active character on input line 707.
))
(/usr/local/texlive/2018/texmf-dist/tex/latex/base/inputenc.sty
Package: inputenc 2018/04/06 v1.3b Input encoding file
\inpenc@prehook=\toks22
\inpenc@posthook=\toks23
)
No file RevProyCert.aux.
\openout1 = `RevProyCert.aux'.

LaTeX Font Info:    Checking defaults for OML/cmm/m/it on input line 20.
LaTeX Font Info:    ... okay on input line 20.
LaTeX Font Info:    Checking defaults for T1/cmr/m/n on input line 20.
LaTeX Font Info:    ... okay on input line 20.
LaTeX Font Info:    Checking defaults for OT1/cmr/m/n on input line 20.
LaTeX Font Info:    ... okay on input line 20.
LaTeX Font Info:    Checking defaults for OMS/cmsy/m/n on input line 20.
LaTeX Font Info:    ... okay on input line 20.
LaTeX Font Info:    Checking defaults for OMX/cmex/m/n on input line 20.
LaTeX Font Info:    ... okay on input line 20.
LaTeX Font Info:    Checking defaults for U/cmr/m/n on input line 20.
LaTeX Font Info:    ... okay on input line 20.
LaTeX Font Info:    Checking defaults for PD1/pdf/m/n on input line 20.
LaTeX Font Info:    ... okay on input line 20.
(/usr/local/texlive/2018/texmf-dist/tex/context/base/mkii/supp-pdf.mkii
[Loading MPS to PDF converter (version 2006.09.02).]
\scratchcounter=\count114
\scratchdimen=\dimen120
\scratchbox=\box31
\nofMPsegments=\count115
\nofMParguments=\count116
\everyMPshowfont=\toks24
\MPscratchCnt=\count117
\MPscratchDim=\dimen121
\MPnumerator=\count118
\makeMPintoPDFobject=\count119
\everyMPtoPDFconversion=\toks25
) (/usr/local/texlive/2018/texmf-dist/tex/latex/oberdiek/epstopdf-base.sty
Package: epstopdf-base 2016/05/15 v2.6 Base part for package epstopdf

(/usr/local/texlive/2018/texmf-dist/tex/latex/oberdiek/grfext.sty
Package: grfext 2016/05/16 v1.2 Manage graphics extensions (HO)
)
Package epstopdf-base Info: Redefining graphics rule for `.eps' on input line 4
38.
Package grfext Info: Graphics extension search list:
(grfext)             [.pdf,.png,.jpg,.mps,.jpeg,.jbig2,.jb2,.PDF,.PNG,.JPG,.JPE
G,.JBIG2,.JB2,.eps]
(grfext)             \AppendGraphicsExtensions on input line 456.

(/usr/local/texlive/2018/texmf-dist/tex/latex/latexconfig/epstopdf-sys.cfg
File: epstopdf-sys.cfg 2010/07/13 v1.3 Configuration of (r)epstopdf for TeX Liv
e
))
*geometry* driver: auto-detecting
*geometry* detected driver: pdftex
*geometry* verbose mode - [ preamble ] result:
* driver: pdftex
* paper: <default>
* layout: <same size as paper>
* layoutoffset:(h,v)=(0.0pt,0.0pt)
* modes: 
* h-part:(L,W,R)=(72.26999pt, 469.75502pt, 72.26999pt)
* v-part:(T,H,B)=(72.26999pt, 650.43001pt, 72.26999pt)
* \paperwidth=614.295pt
* \paperheight=794.96999pt
* \textwidth=469.75502pt
* \textheight=650.43001pt
* \oddsidemargin=0.0pt
* \evensidemargin=0.0pt
* \topmargin=-37.0pt
* \headheight=12.0pt
* \headsep=25.0pt
* \topskip=12.0pt
* \footskip=30.0pt
* \marginparwidth=44.0pt
* \marginparsep=10.0pt
* \columnsep=10.0pt
* \skip\footins=10.8pt plus 4.0pt minus 2.0pt
* \hoffset=0.0pt
* \voffset=0.0pt
* \mag=1000
* \@twocolumnfalse
* \@twosidefalse
* \@mparswitchfalse
* \@reversemarginfalse
* (1in=72.27pt=25.4mm, 1cm=28.453pt)

\AtBeginShipoutBox=\box32
Package hyperref Info: Link coloring OFF on input line 20.
(/usr/local/texlive/2018/texmf-dist/tex/latex/hyperref/nameref.sty
Package: nameref 2016/05/21 v2.44 Cross-referencing by name of section

(/usr/local/texlive/2018/texmf-dist/tex/generic/oberdiek/gettitlestring.sty
Package: gettitlestring 2016/05/16 v1.5 Cleanup title references (HO)
)
\c@section@level=\count120
)
LaTeX Info: Redefining \ref on input line 20.
LaTeX Info: Redefining \pageref on input line 20.
LaTeX Info: Redefining \nameref on input line 20.
\@outlinefile=\write3
\openout3 = `RevProyCert.out'.

LaTeX Info: Redefining \. on input line 20.
LaTeX Info: Redefining \% on input line 20.
LaTeX Font Info:    Try loading font information for U+msa on input line 23.

(/usr/local/texlive/2018/texmf-dist/tex/latex/amsfonts/umsa.fd
File: umsa.fd 2013/01/14 v3.01 AMS symbols A
)
LaTeX Font Info:    Try loading font information for U+msb on input line 23.

(/usr/local/texlive/2018/texmf-dist/tex/latex/amsfonts/umsb.fd
File: umsb.fd 2013/01/14 v3.01 AMS symbols B
)
<Graficas/BarPlotPlantelCal.pdf, id=4, 505.89pt x 505.89pt>
File: Graficas/BarPlotPlantelCal.pdf Graphic file (type pdf)
<use Graficas/BarPlotPlantelCal.pdf>
Package pdftex.def Info: Graficas/BarPlotPlantelCal.pdf  used on input line 30.

(pdftex.def)             Requested size: 227.64839pt x 227.64839pt.
<Graficas/ggplotBarplotAnho.pdf, id=7, 505.89pt x 505.89pt>
File: Graficas/ggplotBarplotAnho.pdf Graphic file (type pdf)
<use Graficas/ggplotBarplotAnho.pdf>
Package pdftex.def Info: Graficas/ggplotBarplotAnho.pdf  used on input line 40.

(pdftex.def)             Requested size: 227.64839pt x 227.64839pt.
<Graficas/ggplotBarplotAnhoLic.pdf, id=9, 505.89pt x 505.89pt>
File: Graficas/ggplotBarplotAnhoLic.pdf Graphic file (type pdf)
<use Graficas/ggplotBarplotAnhoLic.pdf>
Package pdftex.def Info: Graficas/ggplotBarplotAnhoLic.pdf  used on input line 
51.
(pdftex.def)             Requested size: 227.64839pt x 227.64839pt.


LaTeX Warning: Citation `ProyectoEducativo' on page 1 undefined on input line 5
9.

<Graficas/ggplotBarplotAnhoLic2.pdf, id=10, 505.89pt x 505.89pt>
File: Graficas/ggplotBarplotAnhoLic2.pdf Graphic file (type pdf)
<use Graficas/ggplotBarplotAnhoLic2.pdf>
Package pdftex.def Info: Graficas/ggplotBarplotAnhoLic2.pdf  used on input line
 63.
(pdftex.def)             Requested size: 227.64839pt x 227.64839pt.

LaTeX Warning: Citation `ProyectoEducativo' on page 1 undefined on input line 6
9.

<Graficas/ggplotBarplotLicPlantel.pdf, id=11, 505.89pt x 505.89pt>
File: Graficas/ggplotBarplotLicPlantel.pdf Graphic file (type pdf)
<use Graficas/ggplotBarplotLicPlantel.pdf>
Package pdftex.def Info: Graficas/ggplotBarplotLicPlantel.pdf  used on input li
ne 74.
(pdftex.def)             Requested size: 227.64839pt x 227.64839pt.

LaTeX Warning: Citation `CircularCertificacion' on page 1 undefined on input li
ne 79.

<Graficas/ggplotBarplotLicPlantel2.pdf, id=12, 505.89pt x 505.89pt>
File: Graficas/ggplotBarplotLicPlantel2.pdf Graphic file (type pdf)
<use Graficas/ggplotBarplotLicPlantel2.pdf>
Package pdftex.def Info: Graficas/ggplotBarplotLicPlantel2.pdf  used on input l
ine 83.
(pdftex.def)             Requested size: 227.64839pt x 227.64839pt.

LaTeX Warning: Citation `CircularCertificacion' on page 1 undefined on input li
ne 89.

[1

{/usr/local/texlive/2018/texmf-var/fonts/map/pdftex/updmap/pdftex.map}]
[2 <./Graficas/BarPlotPlantelCal.pdf> <./Graficas/ggplotBarplotAnho.pdf>]
[3 <./Graficas/ggplotBarplotAnhoLic.pdf> <./Graficas/ggplotBarplotAnhoLic2.pdf>
] [4 <./Graficas/ggplotBarplotLicPlantel.pdf> <./Graficas/ggplotBarplotLicPlant
el2.pdf>]
<Graficas/ggplotBarplotPlantelAnho.pdf, id=77, 505.89pt x 505.89pt>
File: Graficas/ggplotBarplotPlantelAnho.pdf Graphic file (type pdf)
<use Graficas/ggplotBarplotPlantelAnho.pdf>
Package pdftex.def Info: Graficas/ggplotBarplotPlantelAnho.pdf  used on input l
ine 93.
(pdftex.def)             Requested size: 227.64839pt x 227.64839pt.
<Graficas/ggplotBarplotPlantelCal.pdf, id=78, 505.89pt x 505.89pt>
File: Graficas/ggplotBarplotPlantelCal.pdf Graphic file (type pdf)
<use Graficas/ggplotBarplotPlantelCal.pdf>
Package pdftex.def Info: Graficas/ggplotBarplotPlantelCal.pdf  used on input li
ne 103.
(pdftex.def)             Requested size: 227.64839pt x 227.64839pt.


LaTeX Warning: Citation `Doc3' on page 5 undefined on input line 108.

<Graficas/ggplotBarplotPlantelCal2.pdf, id=79, 505.89pt x 505.89pt>
File: Graficas/ggplotBarplotPlantelCal2.pdf Graphic file (type pdf)
<use Graficas/ggplotBarplotPlantelCal2.pdf>
Package pdftex.def Info: Graficas/ggplotBarplotPlantelCal2.pdf  used on input l
ine 113.
(pdftex.def)             Requested size: 227.64839pt x 227.64839pt.
<Graficas/ggplotBarplotPlantelCal3.pdf, id=80, 505.89pt x 505.89pt>
File: Graficas/ggplotBarplotPlantelCal3.pdf Graphic file (type pdf)
<use Graficas/ggplotBarplotPlantelCal3.pdf>
Package pdftex.def Info: Graficas/ggplotBarplotPlantelCal3.pdf  used on input l
ine 124.
(pdftex.def)             Requested size: 227.64839pt x 227.64839pt.
<Graficas/ggplotBarplotPlanteles.pdf, id=81, 505.89pt x 505.89pt>
File: Graficas/ggplotBarplotPlanteles.pdf Graphic file (type pdf)
<use Graficas/ggplotBarplotPlanteles.pdf>
Package pdftex.def Info: Graficas/ggplotBarplotPlanteles.pdf  used on input lin
e 135.
(pdftex.def)             Requested size: 227.64839pt x 227.64839pt.
<Graficas/ggplotBarplotPlantelLic.pdf, id=82, 505.89pt x 505.89pt>
File: Graficas/ggplotBarplotPlantelLic.pdf Graphic file (type pdf)
<use Graficas/ggplotBarplotPlantelLic.pdf>
Package pdftex.def Info: Graficas/ggplotBarplotPlantelLic.pdf  used on input li
ne 145.
(pdftex.def)             Requested size: 227.64839pt x 227.64839pt.
[5 <./Graficas/ggplotBarplotPlantelAnho.pdf>] [6 <./Graficas/ggplotBarplotPlant
elCal.pdf> <./Graficas/ggplotBarplotPlantelCal2.pdf>] [7 <./Graficas/ggplotBarp
lotPlantelCal3.pdf> <./Graficas/ggplotBarplotPlanteles.pdf>]
<Graficas/ggplotBarplotPlantelLic2.pdf, id=127, 505.89pt x 505.89pt>
File: Graficas/ggplotBarplotPlantelLic2.pdf Graphic file (type pdf)
<use Graficas/ggplotBarplotPlantelLic2.pdf>
Package pdftex.def Info: Graficas/ggplotBarplotPlantelLic2.pdf  used on input l
ine 157.
(pdftex.def)             Requested size: 227.64839pt x 227.64839pt.
 [8 <./Graficas/ggplotBarplotPlantelLic.pdf>] [9 <./Graficas/ggplotBarplotPlant
elLic2.pdf>]

LaTeX Warning: Float too large for page by 13.1605pt on input line 604.


LaTeX Warning: Float too large for page by 26.81897pt on input line 670.


LaTeX Warning: Float too large for page by 14.49388pt on input line 736.


LaTeX Warning: Float too large for page by 26.81897pt on input line 878.


LaTeX Warning: Float too large for page by 2.16882pt on input line 942.


LaTeX Warning: Float too large for page by 51.46912pt on input line 1010.


LaTeX Warning: Float too large for page by 26.81897pt on input line 1077.


LaTeX Warning: Float too large for page by 39.14406pt on input line 1145.


LaTeX Warning: Float too large for page by 14.49388pt on input line 1211.


LaTeX Warning: Float too large for page by 14.49388pt on input line 1278.


LaTeX Warning: Float too large for page by 2.16882pt on input line 1367.


LaTeX Warning: Float too large for page by 26.81897pt on input line 1434.


LaTeX Warning: Float too large for page by 39.14406pt on input line 1503.


LaTeX Warning: Float too large for page by 26.81897pt on input line 1634.


LaTeX Warning: Float too large for page by 26.81897pt on input line 1701.


LaTeX Warning: Float too large for page by 26.81897pt on input line 1767.


LaTeX Warning: Float too large for page by 14.49388pt on input line 1832.

<Graficas/ggplotBarplotLicCal.pdf, id=149, 505.89pt x 505.89pt>
File: Graficas/ggplotBarplotLicCal.pdf Graphic file (type pdf)
<use Graficas/ggplotBarplotLicCal.pdf>
Package pdftex.def Info: Graficas/ggplotBarplotLicCal.pdf  used on input line 1
992.
(pdftex.def)             Requested size: 227.64839pt x 227.64839pt.
<Graficas/ggplotBarplotLicCal2.pdf, id=150, 505.89pt x 505.89pt>
File: Graficas/ggplotBarplotLicCal2.pdf Graphic file (type pdf)
<use Graficas/ggplotBarplotLicCal2.pdf>
Package pdftex.def Info: Graficas/ggplotBarplotLicCal2.pdf  used on input line 
2000.
(pdftex.def)             Requested size: 227.64839pt x 227.64839pt.
<Graficas/ggplotBarplotLicGen.pdf, id=151, 505.89pt x 505.89pt>
File: Graficas/ggplotBarplotLicGen.pdf Graphic file (type pdf)
<use Graficas/ggplotBarplotLicGen.pdf>
Package pdftex.def Info: Graficas/ggplotBarplotLicGen.pdf  used on input line 2
009.
(pdftex.def)             Requested size: 227.64839pt x 227.64839pt.
<Graficas/ggplotBarplotLicGen2.pdf, id=152, 505.89pt x 505.89pt>
File: Graficas/ggplotBarplotLicGen2.pdf Graphic file (type pdf)
<use Graficas/ggplotBarplotLicGen2.pdf>
Package pdftex.def Info: Graficas/ggplotBarplotLicGen2.pdf  used on input line 
2016.
(pdftex.def)             Requested size: 227.64839pt x 227.64839pt.
<Graficas/ggplotBarplotGenPlantel2.pdf, id=153, 505.89pt x 505.89pt>
File: Graficas/ggplotBarplotGenPlantel2.pdf Graphic file (type pdf)
<use Graficas/ggplotBarplotGenPlantel2.pdf>
Package pdftex.def Info: Graficas/ggplotBarplotGenPlantel2.pdf  used on input l
ine 2025.
(pdftex.def)             Requested size: 227.64839pt x 227.64839pt.
<Graficas/ggplotBarplotLic.pdf, id=154, 505.89pt x 505.89pt>
File: Graficas/ggplotBarplotLic.pdf Graphic file (type pdf)
<use Graficas/ggplotBarplotLic.pdf>
Package pdftex.def Info: Graficas/ggplotBarplotLic.pdf  used on input line 2032
.
(pdftex.def)             Requested size: 227.64839pt x 227.64839pt.
<Graficas/ggplotBarplotGenLic2.pdf, id=155, 505.89pt x 505.89pt>
File: Graficas/ggplotBarplotGenLic2.pdf Graphic file (type pdf)
<use Graficas/ggplotBarplotGenLic2.pdf>
Package pdftex.def Info: Graficas/ggplotBarplotGenLic2.pdf  used on input line 
2040.
(pdftex.def)             Requested size: 227.64839pt x 227.64839pt.
<Graficas/ggplotBarplotGenPlantel.pdf, id=156, 505.89pt x 505.89pt>
File: Graficas/ggplotBarplotGenPlantel.pdf Graphic file (type pdf)
<use Graficas/ggplotBarplotGenPlantel.pdf>
Package pdftex.def Info: Graficas/ggplotBarplotGenPlantel.pdf  used on input li
ne 2047.
(pdftex.def)             Requested size: 227.64839pt x 227.64839pt.
<Graficas/ggplotBarplotAnhoPlantel3.pdf, id=157, 505.89pt x 505.89pt>
File: Graficas/ggplotBarplotAnhoPlantel3.pdf Graphic file (type pdf)
<use Graficas/ggplotBarplotAnhoPlantel3.pdf>
Package pdftex.def Info: Graficas/ggplotBarplotAnhoPlantel3.pdf  used on input 
line 2056.
(pdftex.def)             Requested size: 227.64839pt x 227.64839pt.
<Graficas/ggplotBarplotGenLic.pdf, id=158, 505.89pt x 505.89pt>
File: Graficas/ggplotBarplotGenLic.pdf Graphic file (type pdf)
<use Graficas/ggplotBarplotGenLic.pdf>
Package pdftex.def Info: Graficas/ggplotBarplotGenLic.pdf  used on input line 2
062.
(pdftex.def)             Requested size: 227.64839pt x 227.64839pt.
<Graficas/ggplotBarplotAnhoPlantel.pdf, id=159, 505.89pt x 505.89pt>
File: Graficas/ggplotBarplotAnhoPlantel.pdf Graphic file (type pdf)
<use Graficas/ggplotBarplotAnhoPlantel.pdf>
Package pdftex.def Info: Graficas/ggplotBarplotAnhoPlantel.pdf  used on input l
ine 2070.
(pdftex.def)             Requested size: 227.64839pt x 227.64839pt.
<Graficas/ggplotBarplotAnhoPlantel2.pdf, id=160, 505.89pt x 505.89pt>
File: Graficas/ggplotBarplotAnhoPlantel2.pdf Graphic file (type pdf)
<use Graficas/ggplotBarplotAnhoPlantel2.pdf>
Package pdftex.def Info: Graficas/ggplotBarplotAnhoPlantel2.pdf  used on input 
line 2077.
(pdftex.def)             Requested size: 227.64839pt x 227.64839pt.
<Graficas/BarPlotLic.pdf, id=161, 505.89pt x 505.89pt>
File: Graficas/BarPlotLic.pdf Graphic file (type pdf)
<use Graficas/BarPlotLic.pdf>
Package pdftex.def Info: Graficas/BarPlotLic.pdf  used on input line 2085.
(pdftex.def)             Requested size: 227.64839pt x 227.64839pt.
[10] [11 <./Graficas/ggplotBarplotLicCal.pdf> <./Graficas/ggplotBarplotLicCal2.
pdf>] [12 <./Graficas/ggplotBarplotLicGen.pdf> <./Graficas/ggplotBarplotLicGen2
.pdf>] [13 <./Graficas/ggplotBarplotGenPlantel2.pdf> <./Graficas/ggplotBarplotL
ic.pdf>] [14 <./Graficas/ggplotBarplotGenLic2.pdf> <./Graficas/ggplotBarplotGen
Plantel.pdf>] [15 <./Graficas/ggplotBarplotAnhoPlantel3.pdf> <./Graficas/ggplot
BarplotGenLic.pdf>] [16 <./Graficas/ggplotBarplotAnhoPlantel.pdf> <./Graficas/g
gplotBarplotAnhoPlantel2.pdf>]
Package atveryend Info: Empty hook `BeforeClearDocument' on input line 2110.
 [17] [18] [19] [20] [21] [22] [23] [24] [25]
[26 <./Graficas/BarPlotLic.pdf>] [27] [28] [29] [30] [31] [32] [33] [34]
[35] [36] [37] [38] [39] [40] [41] [42] [43] [44] [45]
Package atveryend Info: Empty hook `AfterLastShipout' on input line 2110.
 (./RevProyCert.aux
LaTeX Info: Redefining \. on input line 27.
LaTeX Info: Redefining \% on input line 27.
)
Package atveryend Info: Executing hook `AtVeryEndDocument' on input line 2110.
Package atveryend Info: Executing hook `AtEndAfterFileList' on input line 2110.



Package rerunfilecheck Warning: File `RevProyCert.out' has changed.
(rerunfilecheck)                Rerun to get outlines right
(rerunfilecheck)                or use package `bookmark'.

Package rerunfilecheck Info: Checksums for `RevProyCert.out':
(rerunfilecheck)             Before: <no file>
(rerunfilecheck)             After:  E9D04AC6DF4FE7D4324115E326724603;305.

LaTeX Warning: There were undefined references.


LaTeX Warning: Label(s) may have changed. Rerun to get cross-references right.

Package atveryend Info: Empty hook `AtVeryVeryEnd' on input line 2110.
 ) 
Here is how much of TeX's memory you used:
 7769 strings out of 492649
 114887 string characters out of 6129622
 555237 words of memory out of 5000000
 11422 multiletter control sequences out of 15000+600000
 13696 words of font info for 53 fonts, out of 8000000 for 9000
 1141 hyphenation exceptions out of 8191
 28i,12n,35p,906b,449s stack positions out of 5000i,500n,10000p,200000b,80000s
</usr/local/texlive/2018/texmf-dist/fonts/type1/public/amsfonts/cm/cmbx12.pfb
></usr/local/texlive/2018/texmf-dist/fonts/type1/public/amsfonts/cm/cmcsc10.pfb
></usr/local/texlive/2018/texmf-dist/fonts/type1/public/amsfonts/cm/cmmi12.pfb>
</usr/local/texlive/2018/texmf-dist/fonts/type1/public/amsfonts/cm/cmr10.pfb></
usr/local/texlive/2018/texmf-dist/fonts/type1/public/amsfonts/cm/cmr12.pfb></us
r/local/texlive/2018/texmf-dist/fonts/type1/public/amsfonts/cm/cmr17.pfb></usr/
local/texlive/2018/texmf-dist/fonts/type1/public/amsfonts/cm/cmr7.pfb></usr/loc
al/texlive/2018/texmf-dist/fonts/type1/public/amsfonts/cm/cmti12.pfb>
Output written on RevProyCert.pdf (45 pages, 323703 bytes).
PDF statistics:
 496 PDF objects out of 1000 (max. 8388607)
 385 compressed objects within 4 object streams
 117 named destinations out of 1000 (max. 500000)
 131 words of extra memory for PDF output out of 10000 (max. 10000000)

