This is pdfTeX, Version 3.141592653-2.6-1.40.22 (TeX Live 2022/dev/Debian) (preloaded format=pdflatex 2023.9.7)  26 OCT 2023 11:18
entering extended mode
 restricted \write18 enabled.
 %&-line parsing enabled.
**PresentacionCertificacion.tex
(./PresentacionCertificacion.tex
LaTeX2e <2021-11-15> patch level 1
L3 programming layer <2022-01-21>
(/usr/share/texlive/texmf-dist/tex/latex/beamer/beamer.cls
Document Class: beamer 2022/01/21 v3.65 A class for typesetting presentations
(/usr/share/texlive/texmf-dist/tex/latex/beamer/beamerbasemodes.sty
(/usr/share/texlive/texmf-dist/tex/latex/etoolbox/etoolbox.sty
Package: etoolbox 2020/10/05 v2.5k e-TeX tools for LaTeX (JAW)
\etb@tempcnta=\count185
)
\beamer@tempbox=\box50
\beamer@tempcount=\count186
\c@beamerpauses=\count187

(/usr/share/texlive/texmf-dist/tex/latex/beamer/beamerbasedecode.sty
\beamer@slideinframe=\count188
\beamer@minimum=\count189
\beamer@decode@box=\box51
)
\beamer@commentbox=\box52
\beamer@modecount=\count190
)
(/usr/share/texlive/texmf-dist/tex/generic/iftex/ifpdf.sty
Package: ifpdf 2019/10/25 v3.4 ifpdf legacy package. Use iftex instead.

(/usr/share/texlive/texmf-dist/tex/generic/iftex/iftex.sty
Package: iftex 2020/03/06 v1.0d TeX engine tests
))
\headdp=\dimen138
\footheight=\dimen139
\sidebarheight=\dimen140
\beamer@tempdim=\dimen141
\beamer@finalheight=\dimen142
\beamer@animht=\dimen143
\beamer@animdp=\dimen144
\beamer@animwd=\dimen145
\beamer@leftmargin=\dimen146
\beamer@rightmargin=\dimen147
\beamer@leftsidebar=\dimen148
\beamer@rightsidebar=\dimen149
\beamer@boxsize=\dimen150
\beamer@vboxoffset=\dimen151
\beamer@descdefault=\dimen152
\beamer@descriptionwidth=\dimen153
\beamer@lastskip=\skip47
\beamer@areabox=\box53
\beamer@animcurrent=\box54
\beamer@animshowbox=\box55
\beamer@sectionbox=\box56
\beamer@logobox=\box57
\beamer@linebox=\box58
\beamer@sectioncount=\count191
\beamer@subsubsectionmax=\count192
\beamer@subsectionmax=\count193
\beamer@sectionmax=\count194
\beamer@totalheads=\count195
\beamer@headcounter=\count196
\beamer@partstartpage=\count197
\beamer@sectionstartpage=\count198
\beamer@subsectionstartpage=\count199
\beamer@animationtempa=\count266
\beamer@animationtempb=\count267
\beamer@xpos=\count268
\beamer@ypos=\count269
\beamer@ypos@offset=\count270
\beamer@showpartnumber=\count271
\beamer@currentsubsection=\count272
\beamer@coveringdepth=\count273
\beamer@sectionadjust=\count274
\beamer@toclastsection=\count275
\beamer@tocsectionnumber=\count276

(/usr/share/texlive/texmf-dist/tex/latex/beamer/beamerbaseoptions.sty
(/usr/share/texlive/texmf-dist/tex/latex/graphics/keyval.sty
Package: keyval 2014/10/28 v1.15 key=value parser (DPC)
\KV@toks@=\toks16
))
\beamer@paperwidth=\skip48
\beamer@paperheight=\skip49

(/usr/share/texlive/texmf-dist/tex/latex/geometry/geometry.sty
Package: geometry 2020/01/02 v5.9 Page Geometry

(/usr/share/texlive/texmf-dist/tex/generic/iftex/ifvtex.sty
Package: ifvtex 2019/10/25 v1.7 ifvtex legacy package. Use iftex instead.
)
\Gm@cnth=\count277
\Gm@cntv=\count278
\c@Gm@tempcnt=\count279
\Gm@bindingoffset=\dimen154
\Gm@wd@mp=\dimen155
\Gm@odd@mp=\dimen156
\Gm@even@mp=\dimen157
\Gm@layoutwidth=\dimen158
\Gm@layoutheight=\dimen159
\Gm@layouthoffset=\dimen160
\Gm@layoutvoffset=\dimen161
\Gm@dimlist=\toks17
)
(/usr/share/texlive/texmf-dist/tex/latex/pgf/basiclayer/pgfcore.sty
(/usr/share/texlive/texmf-dist/tex/latex/graphics/graphicx.sty
Package: graphicx 2021/09/16 v1.2d Enhanced LaTeX Graphics (DPC,SPQR)

(/usr/share/texlive/texmf-dist/tex/latex/graphics/graphics.sty
Package: graphics 2021/03/04 v1.4d Standard LaTeX Graphics (DPC,SPQR)

(/usr/share/texlive/texmf-dist/tex/latex/graphics/trig.sty
Package: trig 2021/08/11 v1.11 sin cos tan (DPC)
)
(/usr/share/texlive/texmf-dist/tex/latex/graphics-cfg/graphics.cfg
File: graphics.cfg 2016/06/04 v1.11 sample graphics configuration
)
Package graphics Info: Driver file: pdftex.def on input line 107.

(/usr/share/texlive/texmf-dist/tex/latex/graphics-def/pdftex.def
File: pdftex.def 2020/10/05 v1.2a Graphics/color driver for pdftex
))
\Gin@req@height=\dimen162
\Gin@req@width=\dimen163
)
(/usr/share/texlive/texmf-dist/tex/latex/pgf/systemlayer/pgfsys.sty
(/usr/share/texlive/texmf-dist/tex/latex/pgf/utilities/pgfrcs.sty
(/usr/share/texlive/texmf-dist/tex/generic/pgf/utilities/pgfutil-common.tex
\pgfutil@everybye=\toks18
\pgfutil@tempdima=\dimen164
\pgfutil@tempdimb=\dimen165

(/usr/share/texlive/texmf-dist/tex/generic/pgf/utilities/pgfutil-common-lists.t
ex)) (/usr/share/texlive/texmf-dist/tex/generic/pgf/utilities/pgfutil-latex.def
\pgfutil@abb=\box59
) (/usr/share/texlive/texmf-dist/tex/generic/pgf/utilities/pgfrcs.code.tex
(/usr/share/texlive/texmf-dist/tex/generic/pgf/pgf.revision.tex)
Package: pgfrcs 2021/05/15 v3.1.9a (3.1.9a)
))
(/usr/share/texlive/texmf-dist/tex/generic/pgf/systemlayer/pgfsys.code.tex
Package: pgfsys 2021/05/15 v3.1.9a (3.1.9a)

(/usr/share/texlive/texmf-dist/tex/generic/pgf/utilities/pgfkeys.code.tex
\pgfkeys@pathtoks=\toks19
\pgfkeys@temptoks=\toks20

(/usr/share/texlive/texmf-dist/tex/generic/pgf/utilities/pgfkeysfiltered.code.t
ex
\pgfkeys@tmptoks=\toks21
))
\pgf@x=\dimen166
\pgf@y=\dimen167
\pgf@xa=\dimen168
\pgf@ya=\dimen169
\pgf@xb=\dimen170
\pgf@yb=\dimen171
\pgf@xc=\dimen172
\pgf@yc=\dimen173
\pgf@xd=\dimen174
\pgf@yd=\dimen175
\w@pgf@writea=\write3
\r@pgf@reada=\read2
\c@pgf@counta=\count280
\c@pgf@countb=\count281
\c@pgf@countc=\count282
\c@pgf@countd=\count283
\t@pgf@toka=\toks22
\t@pgf@tokb=\toks23
\t@pgf@tokc=\toks24
\pgf@sys@id@count=\count284
 (/usr/share/texlive/texmf-dist/tex/generic/pgf/systemlayer/pgf.cfg
File: pgf.cfg 2021/05/15 v3.1.9a (3.1.9a)
)
Driver file for pgf: pgfsys-pdftex.def

(/usr/share/texlive/texmf-dist/tex/generic/pgf/systemlayer/pgfsys-pdftex.def
File: pgfsys-pdftex.def 2021/05/15 v3.1.9a (3.1.9a)

(/usr/share/texlive/texmf-dist/tex/generic/pgf/systemlayer/pgfsys-common-pdf.de
f
File: pgfsys-common-pdf.def 2021/05/15 v3.1.9a (3.1.9a)
)))
(/usr/share/texlive/texmf-dist/tex/generic/pgf/systemlayer/pgfsyssoftpath.code.
tex
File: pgfsyssoftpath.code.tex 2021/05/15 v3.1.9a (3.1.9a)
\pgfsyssoftpath@smallbuffer@items=\count285
\pgfsyssoftpath@bigbuffer@items=\count286
)
(/usr/share/texlive/texmf-dist/tex/generic/pgf/systemlayer/pgfsysprotocol.code.
tex
File: pgfsysprotocol.code.tex 2021/05/15 v3.1.9a (3.1.9a)
)) (/usr/share/texlive/texmf-dist/tex/latex/xcolor/xcolor.sty
Package: xcolor 2021/10/31 v2.13 LaTeX color extensions (UK)

(/usr/share/texlive/texmf-dist/tex/latex/graphics-cfg/color.cfg
File: color.cfg 2016/01/02 v1.6 sample color configuration
)
Package xcolor Info: Driver file: pdftex.def on input line 227.
Package xcolor Info: Model `cmy' substituted by `cmy0' on input line 1352.
Package xcolor Info: Model `hsb' substituted by `rgb' on input line 1356.
Package xcolor Info: Model `RGB' extended on input line 1368.
Package xcolor Info: Model `HTML' substituted by `rgb' on input line 1370.
Package xcolor Info: Model `Hsb' substituted by `hsb' on input line 1371.
Package xcolor Info: Model `tHsb' substituted by `hsb' on input line 1372.
Package xcolor Info: Model `HSB' substituted by `hsb' on input line 1373.
Package xcolor Info: Model `Gray' substituted by `gray' on input line 1374.
Package xcolor Info: Model `wave' substituted by `hsb' on input line 1375.
)
(/usr/share/texlive/texmf-dist/tex/generic/pgf/basiclayer/pgfcore.code.tex
Package: pgfcore 2021/05/15 v3.1.9a (3.1.9a)

(/usr/share/texlive/texmf-dist/tex/generic/pgf/math/pgfmath.code.tex
(/usr/share/texlive/texmf-dist/tex/generic/pgf/math/pgfmathcalc.code.tex
(/usr/share/texlive/texmf-dist/tex/generic/pgf/math/pgfmathutil.code.tex)
(/usr/share/texlive/texmf-dist/tex/generic/pgf/math/pgfmathparser.code.tex
\pgfmath@dimen=\dimen176
\pgfmath@count=\count287
\pgfmath@box=\box60
\pgfmath@toks=\toks25
\pgfmath@stack@operand=\toks26
\pgfmath@stack@operation=\toks27
)
(/usr/share/texlive/texmf-dist/tex/generic/pgf/math/pgfmathfunctions.code.tex
(/usr/share/texlive/texmf-dist/tex/generic/pgf/math/pgfmathfunctions.basic.code
.tex)
(/usr/share/texlive/texmf-dist/tex/generic/pgf/math/pgfmathfunctions.trigonomet
ric.code.tex)
(/usr/share/texlive/texmf-dist/tex/generic/pgf/math/pgfmathfunctions.random.cod
e.tex)
(/usr/share/texlive/texmf-dist/tex/generic/pgf/math/pgfmathfunctions.comparison
.code.tex)
(/usr/share/texlive/texmf-dist/tex/generic/pgf/math/pgfmathfunctions.base.code.
tex)
(/usr/share/texlive/texmf-dist/tex/generic/pgf/math/pgfmathfunctions.round.code
.tex)
(/usr/share/texlive/texmf-dist/tex/generic/pgf/math/pgfmathfunctions.misc.code.
tex)
(/usr/share/texlive/texmf-dist/tex/generic/pgf/math/pgfmathfunctions.integerari
thmetics.code.tex)))
(/usr/share/texlive/texmf-dist/tex/generic/pgf/math/pgfmathfloat.code.tex
\c@pgfmathroundto@lastzeros=\count288
))
(/usr/share/texlive/texmf-dist/tex/generic/pgf/math/pgfint.code.tex)
(/usr/share/texlive/texmf-dist/tex/generic/pgf/basiclayer/pgfcorepoints.code.te
x
File: pgfcorepoints.code.tex 2021/05/15 v3.1.9a (3.1.9a)
\pgf@picminx=\dimen177
\pgf@picmaxx=\dimen178
\pgf@picminy=\dimen179
\pgf@picmaxy=\dimen180
\pgf@pathminx=\dimen181
\pgf@pathmaxx=\dimen182
\pgf@pathminy=\dimen183
\pgf@pathmaxy=\dimen184
\pgf@xx=\dimen185
\pgf@xy=\dimen186
\pgf@yx=\dimen187
\pgf@yy=\dimen188
\pgf@zx=\dimen189
\pgf@zy=\dimen190
)
(/usr/share/texlive/texmf-dist/tex/generic/pgf/basiclayer/pgfcorepathconstruct.
code.tex
File: pgfcorepathconstruct.code.tex 2021/05/15 v3.1.9a (3.1.9a)
\pgf@path@lastx=\dimen191
\pgf@path@lasty=\dimen192
)
(/usr/share/texlive/texmf-dist/tex/generic/pgf/basiclayer/pgfcorepathusage.code
.tex
File: pgfcorepathusage.code.tex 2021/05/15 v3.1.9a (3.1.9a)
\pgf@shorten@end@additional=\dimen193
\pgf@shorten@start@additional=\dimen194
)
(/usr/share/texlive/texmf-dist/tex/generic/pgf/basiclayer/pgfcorescopes.code.te
x
File: pgfcorescopes.code.tex 2021/05/15 v3.1.9a (3.1.9a)
\pgfpic=\box61
\pgf@hbox=\box62
\pgf@layerbox@main=\box63
\pgf@picture@serial@count=\count289
)
(/usr/share/texlive/texmf-dist/tex/generic/pgf/basiclayer/pgfcoregraphicstate.c
ode.tex
File: pgfcoregraphicstate.code.tex 2021/05/15 v3.1.9a (3.1.9a)
\pgflinewidth=\dimen195
)
(/usr/share/texlive/texmf-dist/tex/generic/pgf/basiclayer/pgfcoretransformation
s.code.tex
File: pgfcoretransformations.code.tex 2021/05/15 v3.1.9a (3.1.9a)
\pgf@pt@x=\dimen196
\pgf@pt@y=\dimen197
\pgf@pt@temp=\dimen198
)
(/usr/share/texlive/texmf-dist/tex/generic/pgf/basiclayer/pgfcorequick.code.tex
File: pgfcorequick.code.tex 2021/05/15 v3.1.9a (3.1.9a)
)
(/usr/share/texlive/texmf-dist/tex/generic/pgf/basiclayer/pgfcoreobjects.code.t
ex
File: pgfcoreobjects.code.tex 2021/05/15 v3.1.9a (3.1.9a)
)
(/usr/share/texlive/texmf-dist/tex/generic/pgf/basiclayer/pgfcorepathprocessing
.code.tex
File: pgfcorepathprocessing.code.tex 2021/05/15 v3.1.9a (3.1.9a)
)
(/usr/share/texlive/texmf-dist/tex/generic/pgf/basiclayer/pgfcorearrows.code.te
x
File: pgfcorearrows.code.tex 2021/05/15 v3.1.9a (3.1.9a)
\pgfarrowsep=\dimen199
)
(/usr/share/texlive/texmf-dist/tex/generic/pgf/basiclayer/pgfcoreshade.code.tex
File: pgfcoreshade.code.tex 2021/05/15 v3.1.9a (3.1.9a)
\pgf@max=\dimen256
\pgf@sys@shading@range@num=\count290
\pgf@shadingcount=\count291
)
(/usr/share/texlive/texmf-dist/tex/generic/pgf/basiclayer/pgfcoreimage.code.tex
File: pgfcoreimage.code.tex 2021/05/15 v3.1.9a (3.1.9a)

(/usr/share/texlive/texmf-dist/tex/generic/pgf/basiclayer/pgfcoreexternal.code.
tex
File: pgfcoreexternal.code.tex 2021/05/15 v3.1.9a (3.1.9a)
\pgfexternal@startupbox=\box64
))
(/usr/share/texlive/texmf-dist/tex/generic/pgf/basiclayer/pgfcorelayers.code.te
x
File: pgfcorelayers.code.tex 2021/05/15 v3.1.9a (3.1.9a)
)
(/usr/share/texlive/texmf-dist/tex/generic/pgf/basiclayer/pgfcoretransparency.c
ode.tex
File: pgfcoretransparency.code.tex 2021/05/15 v3.1.9a (3.1.9a)
)
(/usr/share/texlive/texmf-dist/tex/generic/pgf/basiclayer/pgfcorepatterns.code.
tex
File: pgfcorepatterns.code.tex 2021/05/15 v3.1.9a (3.1.9a)
)
(/usr/share/texlive/texmf-dist/tex/generic/pgf/basiclayer/pgfcorerdf.code.tex
File: pgfcorerdf.code.tex 2021/05/15 v3.1.9a (3.1.9a)
))) (/usr/share/texlive/texmf-dist/tex/latex/base/size11.clo
File: size11.clo 2021/10/04 v1.4n Standard LaTeX file (size option)
)
(/usr/share/texlive/texmf-dist/tex/latex/pgf/utilities/xxcolor.sty
Package: xxcolor 2003/10/24 ver 0.1
\XC@nummixins=\count292
\XC@countmixins=\count293
)
(/usr/share/texlive/texmf-dist/tex/latex/base/atbegshi-ltx.sty
Package: atbegshi-ltx 2021/01/10 v1.0c Emulation of the original atbegshi
package with kernel methods
)
(/usr/share/texlive/texmf-dist/tex/latex/hyperref/hyperref.sty
Package: hyperref 2021-06-07 v7.00m Hypertext links for LaTeX

(/usr/share/texlive/texmf-dist/tex/generic/ltxcmds/ltxcmds.sty
Package: ltxcmds 2020-05-10 v1.25 LaTeX kernel commands for general use (HO)
)
(/usr/share/texlive/texmf-dist/tex/generic/pdftexcmds/pdftexcmds.sty
Package: pdftexcmds 2020-06-27 v0.33 Utility functions of pdfTeX for LuaTeX (HO
)

(/usr/share/texlive/texmf-dist/tex/generic/infwarerr/infwarerr.sty
Package: infwarerr 2019/12/03 v1.5 Providing info/warning/error messages (HO)
)
Package pdftexcmds Info: \pdf@primitive is available.
Package pdftexcmds Info: \pdf@ifprimitive is available.
Package pdftexcmds Info: \pdfdraftmode found.
)
(/usr/share/texlive/texmf-dist/tex/generic/kvsetkeys/kvsetkeys.sty
Package: kvsetkeys 2019/12/15 v1.18 Key value parser (HO)
)
(/usr/share/texlive/texmf-dist/tex/generic/kvdefinekeys/kvdefinekeys.sty
Package: kvdefinekeys 2019-12-19 v1.6 Define keys (HO)
)
(/usr/share/texlive/texmf-dist/tex/generic/pdfescape/pdfescape.sty
Package: pdfescape 2019/12/09 v1.15 Implements pdfTeX's escape features (HO)
)
(/usr/share/texlive/texmf-dist/tex/latex/hycolor/hycolor.sty
Package: hycolor 2020-01-27 v1.10 Color options for hyperref/bookmark (HO)
)
(/usr/share/texlive/texmf-dist/tex/latex/letltxmacro/letltxmacro.sty
Package: letltxmacro 2019/12/03 v1.6 Let assignment for LaTeX macros (HO)
)
(/usr/share/texlive/texmf-dist/tex/latex/auxhook/auxhook.sty
Package: auxhook 2019-12-17 v1.6 Hooks for auxiliary files (HO)
)
(/usr/share/texlive/texmf-dist/tex/latex/kvoptions/kvoptions.sty
Package: kvoptions 2020-10-07 v3.14 Key value format for package options (HO)
)
\@linkdim=\dimen257
\Hy@linkcounter=\count294
\Hy@pagecounter=\count295

(/usr/share/texlive/texmf-dist/tex/latex/hyperref/pd1enc.def
File: pd1enc.def 2021-06-07 v7.00m Hyperref: PDFDocEncoding definition (HO)
Now handling font encoding PD1 ...
... no UTF-8 mapping file for font encoding PD1
)
(/usr/share/texlive/texmf-dist/tex/latex/hyperref/hyperref-langpatches.def
File: hyperref-langpatches.def 2021-06-07 v7.00m Hyperref: patches for babel la
nguages
)
(/usr/share/texlive/texmf-dist/tex/generic/intcalc/intcalc.sty
Package: intcalc 2019/12/15 v1.3 Expandable calculations with integers (HO)
)
(/usr/share/texlive/texmf-dist/tex/generic/etexcmds/etexcmds.sty
Package: etexcmds 2019/12/15 v1.7 Avoid name clashes with e-TeX commands (HO)
)
\Hy@SavedSpaceFactor=\count296

(/usr/share/texlive/texmf-dist/tex/latex/hyperref/puenc.def
File: puenc.def 2021-06-07 v7.00m Hyperref: PDF Unicode definition (HO)
Now handling font encoding PU ...
... no UTF-8 mapping file for font encoding PU
)
Package hyperref Info: Option `bookmarks' set `true' on input line 4073.
Package hyperref Info: Option `bookmarksopen' set `true' on input line 4073.
Package hyperref Info: Option `implicit' set `false' on input line 4073.
Package hyperref Info: Hyper figures OFF on input line 4192.
Package hyperref Info: Link nesting OFF on input line 4197.
Package hyperref Info: Hyper index ON on input line 4200.
Package hyperref Info: Plain pages OFF on input line 4207.
Package hyperref Info: Backreferencing OFF on input line 4212.
Package hyperref Info: Implicit mode OFF; no redefinition of LaTeX internals.
Package hyperref Info: Bookmarks ON on input line 4445.
\c@Hy@tempcnt=\count297

(/usr/share/texlive/texmf-dist/tex/latex/url/url.sty
\Urlmuskip=\muskip16
Package: url 2013/09/16  ver 3.4  Verb mode for urls, etc.
)
LaTeX Info: Redefining \url on input line 4804.
\XeTeXLinkMargin=\dimen258

(/usr/share/texlive/texmf-dist/tex/generic/bitset/bitset.sty
Package: bitset 2019/12/09 v1.3 Handle bit-vector datatype (HO)

(/usr/share/texlive/texmf-dist/tex/generic/bigintcalc/bigintcalc.sty
Package: bigintcalc 2019/12/15 v1.5 Expandable calculations on big integers (HO
)
))
\Fld@menulength=\count298
\Field@Width=\dimen259
\Fld@charsize=\dimen260
Package hyperref Info: Hyper figures OFF on input line 6076.
Package hyperref Info: Link nesting OFF on input line 6081.
Package hyperref Info: Hyper index ON on input line 6084.
Package hyperref Info: backreferencing OFF on input line 6091.
Package hyperref Info: Link coloring OFF on input line 6096.
Package hyperref Info: Link coloring with OCG OFF on input line 6101.
Package hyperref Info: PDF/A mode OFF on input line 6106.
LaTeX Info: Redefining \ref on input line 6146.
LaTeX Info: Redefining \pageref on input line 6150.
\Hy@abspage=\count299


Package hyperref Message: Stopped early.

)
Package hyperref Info: Driver (autodetected): hpdftex.
 (/usr/share/texlive/texmf-dist/tex/latex/hyperref/hpdftex.def
File: hpdftex.def 2021-06-07 v7.00m Hyperref driver for pdfTeX

(/usr/share/texlive/texmf-dist/tex/latex/base/atveryend-ltx.sty
Package: atveryend-ltx 2020/08/19 v1.0a Emulation of the original atveryend pac
kage
with kernel methods
)
\Fld@listcount=\count300
\c@bookmark@seq@number=\count301

(/usr/share/texlive/texmf-dist/tex/latex/rerunfilecheck/rerunfilecheck.sty
Package: rerunfilecheck 2019/12/05 v1.9 Rerun checks for auxiliary files (HO)

(/usr/share/texlive/texmf-dist/tex/generic/uniquecounter/uniquecounter.sty
Package: uniquecounter 2019/12/15 v1.4 Provide unlimited unique counter (HO)
)
Package uniquecounter Info: New unique counter `rerunfilecheck' on input line 2
86.
))
(/usr/share/texlive/texmf-dist/tex/latex/beamer/beamerbaserequires.sty
(/usr/share/texlive/texmf-dist/tex/latex/beamer/beamerbasecompatibility.sty)
(/usr/share/texlive/texmf-dist/tex/latex/beamer/beamerbasefont.sty
(/usr/share/texlive/texmf-dist/tex/latex/amsfonts/amssymb.sty
Package: amssymb 2013/01/14 v3.01 AMS font symbols

(/usr/share/texlive/texmf-dist/tex/latex/amsfonts/amsfonts.sty
Package: amsfonts 2013/01/14 v3.01 Basic AMSFonts support
\@emptytoks=\toks28
\symAMSa=\mathgroup4
\symAMSb=\mathgroup5
LaTeX Font Info:    Redeclaring math symbol \hbar on input line 98.
LaTeX Font Info:    Overwriting math alphabet `\mathfrak' in version `bold'
(Font)                  U/euf/m/n --> U/euf/b/n on input line 106.
))
(/usr/share/texlive/texmf-dist/tex/latex/sansmathaccent/sansmathaccent.sty
Package: sansmathaccent 2020/01/31

(/usr/share/texlive/texmf-dist/tex/latex/koma-script/scrlfile.sty
Package: scrlfile 2021/11/13 v3.35 KOMA-Script package (file load hooks)

(/usr/share/texlive/texmf-dist/tex/latex/koma-script/scrlfile-hook.sty
Package: scrlfile-hook 2021/11/13 v3.35 KOMA-Script package (using LaTeX hooks)


(/usr/share/texlive/texmf-dist/tex/latex/koma-script/scrlogo.sty
Package: scrlogo 2021/11/13 v3.35 KOMA-Script package (logo)
)))))
(/usr/share/texlive/texmf-dist/tex/latex/beamer/beamerbasetranslator.sty
(/usr/share/texlive/texmf-dist/tex/latex/translator/translator.sty
Package: translator 2021-05-31 v1.12d Easy translation of strings in LaTeX
))
(/usr/share/texlive/texmf-dist/tex/latex/beamer/beamerbasemisc.sty)
(/usr/share/texlive/texmf-dist/tex/latex/beamer/beamerbasetwoscreens.sty)
(/usr/share/texlive/texmf-dist/tex/latex/beamer/beamerbaseoverlay.sty
\beamer@argscount=\count302
\beamer@lastskipcover=\skip50
\beamer@trivlistdepth=\count303
)
(/usr/share/texlive/texmf-dist/tex/latex/beamer/beamerbasetitle.sty)
(/usr/share/texlive/texmf-dist/tex/latex/beamer/beamerbasesection.sty
\c@lecture=\count304
\c@part=\count305
\c@section=\count306
\c@subsection=\count307
\c@subsubsection=\count308
)
(/usr/share/texlive/texmf-dist/tex/latex/beamer/beamerbaseframe.sty
\beamer@framebox=\box65
\beamer@frametitlebox=\box66
\beamer@zoombox=\box67
\beamer@zoomcount=\count309
\beamer@zoomframecount=\count310
\beamer@frametextheight=\dimen261
\c@subsectionslide=\count311
\beamer@frametopskip=\skip51
\beamer@framebottomskip=\skip52
\beamer@frametopskipautobreak=\skip53
\beamer@framebottomskipautobreak=\skip54
\beamer@envbody=\toks29
\framewidth=\dimen262
\c@framenumber=\count312
)
(/usr/share/texlive/texmf-dist/tex/latex/beamer/beamerbaseverbatim.sty
\beamer@verbatimfileout=\write4
)
(/usr/share/texlive/texmf-dist/tex/latex/beamer/beamerbaseframesize.sty
\beamer@splitbox=\box68
\beamer@autobreakcount=\count313
\beamer@autobreaklastheight=\dimen263
\beamer@frametitletoks=\toks30
\beamer@framesubtitletoks=\toks31
)
(/usr/share/texlive/texmf-dist/tex/latex/beamer/beamerbaseframecomponents.sty
\beamer@footins=\box69
)
(/usr/share/texlive/texmf-dist/tex/latex/beamer/beamerbasecolor.sty)
(/usr/share/texlive/texmf-dist/tex/latex/beamer/beamerbasenotes.sty
\beamer@frameboxcopy=\box70
)
(/usr/share/texlive/texmf-dist/tex/latex/beamer/beamerbasetoc.sty)
(/usr/share/texlive/texmf-dist/tex/latex/beamer/beamerbasetemplates.sty
\beamer@sbttoks=\toks32

(/usr/share/texlive/texmf-dist/tex/latex/beamer/beamerbaseauxtemplates.sty
(/usr/share/texlive/texmf-dist/tex/latex/beamer/beamerbaseboxes.sty
\bmb@box=\box71
\bmb@colorbox=\box72
\bmb@boxwidth=\dimen264
\bmb@boxheight=\dimen265
\bmb@prevheight=\dimen266
\bmb@temp=\dimen267
\bmb@dima=\dimen268
\bmb@dimb=\dimen269
\bmb@prevheight=\dimen270
)
\beamer@blockheadheight=\dimen271
))
(/usr/share/texlive/texmf-dist/tex/latex/beamer/beamerbaselocalstructure.sty
(/usr/share/texlive/texmf-dist/tex/latex/tools/enumerate.sty
Package: enumerate 2015/07/23 v3.00 enumerate extensions (DPC)
\@enLab=\toks33
)
\beamer@bibiconwidth=\skip55
\c@figure=\count314
\c@table=\count315
\abovecaptionskip=\skip56
\belowcaptionskip=\skip57
)
(/usr/share/texlive/texmf-dist/tex/latex/beamer/beamerbasenavigation.sty
\beamer@section@min@dim=\dimen272
)
(/usr/share/texlive/texmf-dist/tex/latex/beamer/beamerbasetheorems.sty
(/usr/share/texlive/texmf-dist/tex/latex/amsmath/amsmath.sty
Package: amsmath 2021/10/15 v2.17l AMS math features
\@mathmargin=\skip58

For additional information on amsmath, use the `?' option.
(/usr/share/texlive/texmf-dist/tex/latex/amsmath/amstext.sty
Package: amstext 2021/08/26 v2.01 AMS text

(/usr/share/texlive/texmf-dist/tex/latex/amsmath/amsgen.sty
File: amsgen.sty 1999/11/30 v2.0 generic functions
\@emptytoks=\toks34
\ex@=\dimen273
))
(/usr/share/texlive/texmf-dist/tex/latex/amsmath/amsbsy.sty
Package: amsbsy 1999/11/29 v1.2d Bold Symbols
\pmbraise@=\dimen274
)
(/usr/share/texlive/texmf-dist/tex/latex/amsmath/amsopn.sty
Package: amsopn 2021/08/26 v2.02 operator names
)
\inf@bad=\count316
LaTeX Info: Redefining \frac on input line 234.
\uproot@=\count317
\leftroot@=\count318
LaTeX Info: Redefining \overline on input line 399.
\classnum@=\count319
\DOTSCASE@=\count320
LaTeX Info: Redefining \ldots on input line 496.
LaTeX Info: Redefining \dots on input line 499.
LaTeX Info: Redefining \cdots on input line 620.
\Mathstrutbox@=\box73
\strutbox@=\box74
\big@size=\dimen275
LaTeX Font Info:    Redeclaring font encoding OML on input line 743.
LaTeX Font Info:    Redeclaring font encoding OMS on input line 744.
\macc@depth=\count321
\c@MaxMatrixCols=\count322
\dotsspace@=\muskip17
\c@parentequation=\count323
\dspbrk@lvl=\count324
\tag@help=\toks35
\row@=\count325
\column@=\count326
\maxfields@=\count327
\andhelp@=\toks36
\eqnshift@=\dimen276
\alignsep@=\dimen277
\tagshift@=\dimen278
\tagwidth@=\dimen279
\totwidth@=\dimen280
\lineht@=\dimen281
\@envbody=\toks37
\multlinegap=\skip59
\multlinetaggap=\skip60
\mathdisplay@stack=\toks38
LaTeX Info: Redefining \[ on input line 2938.
LaTeX Info: Redefining \] on input line 2939.
)
(/usr/share/texlive/texmf-dist/tex/latex/amscls/amsthm.sty
Package: amsthm 2020/05/29 v2.20.6
\thm@style=\toks39
\thm@bodyfont=\toks40
\thm@headfont=\toks41
\thm@notefont=\toks42
\thm@headpunct=\toks43
\thm@preskip=\skip61
\thm@postskip=\skip62
\thm@headsep=\skip63
\dth@everypar=\toks44
)
\c@theorem=\count328
)
(/usr/share/texlive/texmf-dist/tex/latex/beamer/beamerbasethemes.sty))
(/usr/share/texlive/texmf-dist/tex/latex/beamer/beamerthemedefault.sty
(/usr/share/texlive/texmf-dist/tex/latex/beamer/beamerfontthemedefault.sty)
(/usr/share/texlive/texmf-dist/tex/latex/beamer/beamercolorthemedefault.sty)
(/usr/share/texlive/texmf-dist/tex/latex/beamer/beamerinnerthemedefault.sty
\beamer@dima=\dimen282
\beamer@dimb=\dimen283
)
(/usr/share/texlive/texmf-dist/tex/latex/beamer/beamerouterthemedefault.sty)))
(/usr/share/texlive/texmf-dist/tex/latex/base/fontenc.sty
Package: fontenc 2021/04/29 v2.0v Standard LaTeX package
)
(/usr/share/texlive/texmf-dist/tex/latex/base/inputenc.sty
Package: inputenc 2021/02/14 v1.3d Input encoding file
\inpenc@prehook=\toks45
\inpenc@posthook=\toks46

(/usr/share/texlive/texmf-dist/tex/latex/base/ansinew.def
File: ansinew.def 2021/02/14 v1.3d Input encoding file
))
(/usr/share/texlive/texmf-dist/tex/generic/babel/babel.sty
Package: babel 2022/01/26 3.70 The Babel package
\babel@savecnt=\count329
\U@D=\dimen284
\l@unhyphenated=\language87

(/usr/share/texlive/texmf-dist/tex/generic/babel/txtbabel.def)
\bbl@readstream=\read3
LaTeX Info: Redefining \textlatin on input line 3967.
\bbl@dirlevel=\count330

(/usr/share/texlive/texmf-dist/tex/generic/babel-spanish/spanish.ldf
Language: spanish.ldf 2021/05/27 v5.0q Spanish support from the babel system
\es@quottoks=\toks47
\es@quotdepth=\count331
Package babel Info: Making " an active character on input line 570.
Package babel Info: Making . an active character on input line 675.
Package babel Info: Making < an active character on input line 722.
Package babel Info: Making > an active character on input line 722.
))
(/usr/share/texlive/texmf-dist/tex/latex/tools/multicol.sty
Package: multicol 2021/10/28 v1.9b multicolumn formatting (FMi)
\c@tracingmulticols=\count332
\mult@box=\box75
\multicol@leftmargin=\dimen285
\c@unbalance=\count333
\c@collectmore=\count334
\doublecol@number=\count335
\multicoltolerance=\count336
\multicolpretolerance=\count337
\full@width=\dimen286
\page@free=\dimen287
\premulticols=\dimen288
\postmulticols=\dimen289
\multicolsep=\skip64
\multicolbaselineskip=\skip65
\partial@page=\box76
\last@line=\box77
\maxbalancingoverflow=\dimen290
\mult@rightbox=\box78
\mult@grightbox=\box79
\mult@firstbox=\box80
\mult@gfirstbox=\box81
\@tempa=\box82
\@tempa=\box83
\@tempa=\box84
\@tempa=\box85
\@tempa=\box86
\@tempa=\box87
\@tempa=\box88
\@tempa=\box89
\@tempa=\box90
\@tempa=\box91
\@tempa=\box92
\@tempa=\box93
\@tempa=\box94
\@tempa=\box95
\@tempa=\box96
\@tempa=\box97
\@tempa=\box98
\@tempa=\box99
\@tempa=\box100
\@tempa=\box101
\@tempa=\box102
\@tempa=\box103
\@tempa=\box104
\@tempa=\box105
\@tempa=\box106
\@tempa=\box107
\@tempa=\box108
\@tempa=\box109
\@tempa=\box110
\@tempa=\box111
\@tempa=\box112
\@tempa=\box113
\@tempa=\box114
\@tempa=\box115
\@tempa=\box116
\@tempa=\box117
\c@minrows=\count338
\c@columnbadness=\count339
\c@finalcolumnbadness=\count340
\last@try=\dimen291
\multicolovershoot=\dimen292
\multicolundershoot=\dimen293
\mult@nat@firstbox=\box118
\colbreak@box=\box119
\mc@col@check@num=\count341
)

Package hyperref Warning: Token not allowed in a PDF string (Unicode):
(hyperref)                removing `\\' on input line 28.


Package hyperref Warning: Token not allowed in a PDF string (Unicode):
(hyperref)                removing `\\' on input line 28.


Package hyperref Warning: Token not allowed in a PDF string (Unicode):
(hyperref)                removing `\\' on input line 28.


Package hyperref Warning: Token not allowed in a PDF string (Unicode):
(hyperref)                removing `\\' on input line 28.

(/usr/share/texlive/texmf-dist/tex/latex/beamer/beamerthemeIlmenau.sty
(/usr/share/texlive/texmf-dist/tex/latex/beamer/beamerouterthememiniframes.sty)
(/usr/share/texlive/texmf-dist/tex/latex/beamer/beamercolorthemewhale.sty)
(/usr/share/texlive/texmf-dist/tex/latex/beamer/beamercolorthemeorchid.sty)
(/usr/share/texlive/texmf-dist/tex/latex/beamer/beamerinnerthemerounded.sty))
(/usr/share/texlive/texmf-dist/tex/latex/l3backend/l3backend-pdftex.def
File: l3backend-pdftex.def 2022-01-12 L3 backend support: PDF output (pdfTeX)
\l__color_backend_stack_int=\count342
\l__pdf_internal_box=\box120
)
(./PresentacionCertificacion.aux
LaTeX Info: Redefining \. on input line 25.
LaTeX Info: Redefining \% on input line 25.
)
\openout1 = `PresentacionCertificacion.aux'.

LaTeX Font Info:    Checking defaults for OML/cmm/m/it on input line 58.
LaTeX Font Info:    ... okay on input line 58.
LaTeX Font Info:    Checking defaults for OMS/cmsy/m/n on input line 58.
LaTeX Font Info:    ... okay on input line 58.
LaTeX Font Info:    Checking defaults for OT1/cmr/m/n on input line 58.
LaTeX Font Info:    ... okay on input line 58.
LaTeX Font Info:    Checking defaults for T1/cmr/m/n on input line 58.
LaTeX Font Info:    ... okay on input line 58.
LaTeX Font Info:    Checking defaults for TS1/cmr/m/n on input line 58.
LaTeX Font Info:    ... okay on input line 58.
LaTeX Font Info:    Checking defaults for OMX/cmex/m/n on input line 58.
LaTeX Font Info:    ... okay on input line 58.
LaTeX Font Info:    Checking defaults for U/cmr/m/n on input line 58.
LaTeX Font Info:    ... okay on input line 58.
LaTeX Font Info:    Checking defaults for PD1/pdf/m/n on input line 58.
LaTeX Font Info:    ... okay on input line 58.
LaTeX Font Info:    Checking defaults for PU/pdf/m/n on input line 58.
LaTeX Font Info:    ... okay on input line 58.

*geometry* driver: auto-detecting
*geometry* detected driver: pdftex
*geometry* verbose mode - [ preamble ] result:
* driver: pdftex
* paper: custom
* layout: <same size as paper>
* layoutoffset:(h,v)=(0.0pt,0.0pt)
* modes: includehead includefoot 
* h-part:(L,W,R)=(28.45274pt, 307.28987pt, 28.45274pt)
* v-part:(T,H,B)=(0.0pt, 273.14662pt, 0.0pt)
* \paperwidth=364.19536pt
* \paperheight=273.14662pt
* \textwidth=307.28987pt
* \textheight=244.6939pt
* \oddsidemargin=-43.81725pt
* \evensidemargin=-43.81725pt
* \topmargin=-72.26999pt
* \headheight=14.22636pt
* \headsep=0.0pt
* \topskip=11.0pt
* \footskip=14.22636pt
* \marginparwidth=4.0pt
* \marginparsep=10.0pt
* \columnsep=10.0pt
* \skip\footins=10.0pt plus 4.0pt minus 2.0pt
* \hoffset=0.0pt
* \voffset=0.0pt
* \mag=1000
* \@twocolumnfalse
* \@twosidefalse
* \@mparswitchfalse
* \@reversemarginfalse
* (1in=72.27pt=25.4mm, 1cm=28.453pt)

(/usr/share/texlive/texmf-dist/tex/context/base/mkii/supp-pdf.mkii
[Loading MPS to PDF converter (version 2006.09.02).]
\scratchcounter=\count343
\scratchdimen=\dimen294
\scratchbox=\box121
\nofMPsegments=\count344
\nofMParguments=\count345
\everyMPshowfont=\toks48
\MPscratchCnt=\count346
\MPscratchDim=\dimen295
\MPnumerator=\count347
\makeMPintoPDFobject=\count348
\everyMPtoPDFconversion=\toks49
) (/usr/share/texlive/texmf-dist/tex/latex/epstopdf-pkg/epstopdf-base.sty
Package: epstopdf-base 2020-01-24 v2.11 Base part for package epstopdf
Package epstopdf-base Info: Redefining graphics rule for `.eps' on input line 4
85.

(/usr/share/texlive/texmf-dist/tex/latex/latexconfig/epstopdf-sys.cfg
File: epstopdf-sys.cfg 2010/07/13 v1.3 Configuration of (r)epstopdf for TeX Liv
e
))
Package hyperref Info: Link coloring OFF on input line 58.

(/usr/share/texlive/texmf-dist/tex/latex/hyperref/nameref.sty
Package: nameref 2021-04-02 v2.47 Cross-referencing by name of section

(/usr/share/texlive/texmf-dist/tex/latex/refcount/refcount.sty
Package: refcount 2019/12/15 v3.6 Data extraction from label references (HO)
)
(/usr/share/texlive/texmf-dist/tex/generic/gettitlestring/gettitlestring.sty
Package: gettitlestring 2019/12/15 v1.6 Cleanup title references (HO)
)
\c@section@level=\count349
)
LaTeX Info: Redefining \ref on input line 58.
LaTeX Info: Redefining \pageref on input line 58.
LaTeX Info: Redefining \nameref on input line 58.

(./PresentacionCertificacion.out) (./PresentacionCertificacion.out)
\@outlinefile=\write5
\openout5 = `PresentacionCertificacion.out'.

LaTeX Font Info:    Overwriting symbol font `operators' in version `normal'
(Font)                  OT1/cmr/m/n --> OT1/cmss/m/n on input line 58.
LaTeX Font Info:    Overwriting symbol font `operators' in version `bold'
(Font)                  OT1/cmr/bx/n --> OT1/cmss/b/n on input line 58.
\symnumbers=\mathgroup6
\sympureletters=\mathgroup7
LaTeX Font Info:    Overwriting math alphabet `\mathrm' in version `normal'
(Font)                  OT1/cmss/m/n --> T1/cmr/m/n on input line 58.
LaTeX Font Info:    Redeclaring math alphabet \mathbf on input line 58.
LaTeX Font Info:    Overwriting math alphabet `\mathbf' in version `normal'
(Font)                  OT1/cmr/bx/n --> T1/cmss/b/n on input line 58.
LaTeX Font Info:    Overwriting math alphabet `\mathbf' in version `bold'
(Font)                  OT1/cmr/bx/n --> T1/cmss/b/n on input line 58.
LaTeX Font Info:    Redeclaring math alphabet \mathsf on input line 58.
LaTeX Font Info:    Overwriting math alphabet `\mathsf' in version `normal'
(Font)                  OT1/cmss/m/n --> T1/cmss/m/n on input line 58.
LaTeX Font Info:    Overwriting math alphabet `\mathsf' in version `bold'
(Font)                  OT1/cmss/bx/n --> T1/cmss/m/n on input line 58.
LaTeX Font Info:    Redeclaring math alphabet \mathit on input line 58.
LaTeX Font Info:    Overwriting math alphabet `\mathit' in version `normal'
(Font)                  OT1/cmr/m/it --> T1/cmss/m/it on input line 58.
LaTeX Font Info:    Overwriting math alphabet `\mathit' in version `bold'
(Font)                  OT1/cmr/bx/it --> T1/cmss/m/it on input line 58.
LaTeX Font Info:    Redeclaring math alphabet \mathtt on input line 58.
LaTeX Font Info:    Overwriting math alphabet `\mathtt' in version `normal'
(Font)                  OT1/cmtt/m/n --> T1/cmtt/m/n on input line 58.
LaTeX Font Info:    Overwriting math alphabet `\mathtt' in version `bold'
(Font)                  OT1/cmtt/m/n --> T1/cmtt/m/n on input line 58.
LaTeX Font Info:    Overwriting symbol font `numbers' in version `bold'
(Font)                  T1/cmss/m/n --> T1/cmss/b/n on input line 58.
LaTeX Font Info:    Overwriting symbol font `pureletters' in version `bold'
(Font)                  T1/cmss/m/it --> T1/cmss/b/it on input line 58.
LaTeX Font Info:    Overwriting math alphabet `\mathrm' in version `bold'
(Font)                  OT1/cmss/b/n --> T1/cmr/b/n on input line 58.
LaTeX Font Info:    Overwriting math alphabet `\mathbf' in version `bold'
(Font)                  T1/cmss/b/n --> T1/cmss/b/n on input line 58.
LaTeX Font Info:    Overwriting math alphabet `\mathsf' in version `bold'
(Font)                  T1/cmss/m/n --> T1/cmss/b/n on input line 58.
LaTeX Font Info:    Overwriting math alphabet `\mathit' in version `bold'
(Font)                  T1/cmss/m/it --> T1/cmss/b/it on input line 58.
LaTeX Font Info:    Overwriting math alphabet `\mathtt' in version `bold'
(Font)                  T1/cmtt/m/n --> T1/cmtt/b/n on input line 58.
LaTeX Font Info:    Redeclaring symbol font `pureletters' on input line 58.
LaTeX Font Info:    Encoding `T1' has changed to `OT1' for symbol font
(Font)              `pureletters' in the math version `normal' on input line 58
.
LaTeX Font Info:    Overwriting symbol font `pureletters' in version `normal'
(Font)                  T1/cmss/m/it --> OT1/mathkerncmss/m/sl on input line 58
.
LaTeX Font Info:    Encoding `T1' has changed to `OT1' for symbol font
(Font)              `pureletters' in the math version `bold' on input line 58.
LaTeX Font Info:    Overwriting symbol font `pureletters' in version `bold'
(Font)                  T1/cmss/b/it --> OT1/mathkerncmss/m/sl on input line 58
.
LaTeX Font Info:    Overwriting symbol font `pureletters' in version `bold'
(Font)                  OT1/mathkerncmss/m/sl --> OT1/mathkerncmss/bx/sl on inp
ut line 58.

(/usr/share/texlive/texmf-dist/tex/latex/translator/translator-basic-dictionary
-English.dict
Dictionary: translator-basic-dictionary, Language: English 
)
(/usr/share/texlive/texmf-dist/tex/latex/translator/translator-bibliography-dic
tionary-English.dict
Dictionary: translator-bibliography-dictionary, Language: English 
)
(/usr/share/texlive/texmf-dist/tex/latex/translator/translator-environment-dict
ionary-English.dict
Dictionary: translator-environment-dictionary, Language: English 
)
(/usr/share/texlive/texmf-dist/tex/latex/translator/translator-months-dictionar
y-English.dict
Dictionary: translator-months-dictionary, Language: English 
)
(/usr/share/texlive/texmf-dist/tex/latex/translator/translator-numbers-dictiona
ry-English.dict
Dictionary: translator-numbers-dictionary, Language: English 
)
(/usr/share/texlive/texmf-dist/tex/latex/translator/translator-theorem-dictiona
ry-English.dict
Dictionary: translator-theorem-dictionary, Language: English 
)
LaTeX Info: Redefining \. on input line 58.
LaTeX Info: Redefining \% on input line 58.
 (./PresentacionCertificacion.nav)
Overfull \hbox (172.7392pt too wide) in paragraph at lines 58--58
 [][] 
 []


Overfull \hbox (173.5219pt too wide) has occurred while \output is active
 [][] 
 []

[1{/var/lib/texmf/fonts/map/pdftex/updmap/pdftex.map}

 <./logouacm.png (PNG copy)> <./mascotauacm.jpg>] (./PresentacionCertificacion.
toc
LaTeX Info: Redefining \. on input line 1.
LaTeX Info: Redefining \% on input line 1.
)
Overfull \hbox (173.5219pt too wide) has occurred while \output is active
 [][] 
 []

[2

]
Overfull \hbox (173.5219pt too wide) has occurred while \output is active
 [][] 
 []

[3

]
Overfull \hbox (173.5219pt too wide) has occurred while \output is active
 [][] 
 []

[4

]

LaTeX Warning: Citation `ProyectoEducativo' on page 5 undefined on input line 1
40.


Overfull \hbox (173.5219pt too wide) has occurred while \output is active
 [][] 
 []

[5

]

LaTeX Warning: Citation `ProyectoEducativo' on page 6 undefined on input line 1
63.


LaTeX Warning: Citation `CircularCertificacion' on page 6 undefined on input li
ne 163.


LaTeX Warning: Citation `CircularCertificacion' on page 6 undefined on input li
ne 163.


Overfull \hbox (173.5219pt too wide) has occurred while \output is active
 [][] 
 []

[6

]

LaTeX Warning: Citation `Doc3' on page 7 undefined on input line 181.


Overfull \hbox (173.5219pt too wide) has occurred while \output is active
 [][] 
 []

[7

]
Overfull \hbox (173.5219pt too wide) has occurred while \output is active
 [][] 
 []

[8

]
Overfull \hbox (173.5219pt too wide) has occurred while \output is active
 [][] 
 []

[9

]
Overfull \hbox (173.5219pt too wide) has occurred while \output is active
 [][] 
 []

[10

]
Overfull \hbox (173.5219pt too wide) has occurred while \output is active
 [][] 
 []

[11

]
Overfull \hbox (173.5219pt too wide) has occurred while \output is active
 [][] 
 []

[12

]
Overfull \hbox (173.5219pt too wide) has occurred while \output is active
 [][] 
 []

[13

]
Overfull \hbox (173.5219pt too wide) has occurred while \output is active
 [][] 
 []

[14

]
Overfull \hbox (173.5219pt too wide) has occurred while \output is active
 [][] 
 []

[15

]
Overfull \hbox (173.5219pt too wide) has occurred while \output is active
 [][] 
 []

[16

]
Overfull \hbox (173.5219pt too wide) has occurred while \output is active
 [][] 
 []

[17

]
Overfull \hbox (173.5219pt too wide) has occurred while \output is active
 [][] 
 []

[18

]
<Imagenes/graficoCertificacionesUACManual.pdf, id=1112, 578.16pt x 433.62pt>
File: Imagenes/graficoCertificacionesUACManual.pdf Graphic file (type pdf)
<use Imagenes/graficoCertificacionesUACManual.pdf>
Package pdftex.def Info: Imagenes/graficoCertificacionesUACManual.pdf  used on 
input line 358.
(pdftex.def)             Requested size: 284.52713pt x 156.49345pt.

Overfull \hbox (173.5219pt too wide) has occurred while \output is active
 [][] 
 []

[19

 <./Imagenes/graficoCertificacionesUACManual.pdf>]
<Imagenes/graficoCertificacionPlantelesAnhos.pdf, id=1173, 578.16pt x 433.62pt>

File: Imagenes/graficoCertificacionPlantelesAnhos.pdf Graphic file (type pdf)
<use Imagenes/graficoCertificacionPlantelesAnhos.pdf>
Package pdftex.def Info: Imagenes/graficoCertificacionPlantelesAnhos.pdf  used 
on input line 369.
(pdftex.def)             Requested size: 284.52713pt x 156.49345pt.

Overfull \hbox (173.5219pt too wide) has occurred while \output is active
 [][] 
 []

[20

 <./Imagenes/graficoCertificacionPlantelesAnhos.pdf>]
<Imagenes/graficoCertificacionPlantelGeneracion.pdf, id=1232, 578.16pt x 433.62
pt>
File: Imagenes/graficoCertificacionPlantelGeneracion.pdf Graphic file (type pdf
)
<use Imagenes/graficoCertificacionPlantelGeneracion.pdf>
Package pdftex.def Info: Imagenes/graficoCertificacionPlantelGeneracion.pdf  us
ed on input line 380.
(pdftex.def)             Requested size: 284.52713pt x 156.49345pt.

Overfull \hbox (173.5219pt too wide) has occurred while \output is active
 [][] 
 []

[21

 <./Imagenes/graficoCertificacionPlantelGeneracion.pdf>]
<Imagenes/graficoCertificacionesPlanteles.pdf, id=1292, 578.16pt x 433.62pt>
File: Imagenes/graficoCertificacionesPlanteles.pdf Graphic file (type pdf)
<use Imagenes/graficoCertificacionesPlanteles.pdf>
Package pdftex.def Info: Imagenes/graficoCertificacionesPlanteles.pdf  used on 
input line 391.
(pdftex.def)             Requested size: 284.52713pt x 156.49345pt.

Overfull \hbox (173.5219pt too wide) has occurred while \output is active
 [][] 
 []

[22

 <./Imagenes/graficoCertificacionesPlanteles.pdf>]
<Imagenes/graficoPorcentajesPlantel.pdf, id=1352, 504.88625pt x 504.88625pt>
File: Imagenes/graficoPorcentajesPlantel.pdf Graphic file (type pdf)
<use Imagenes/graficoPorcentajesPlantel.pdf>
Package pdftex.def Info: Imagenes/graficoPorcentajesPlantel.pdf  used on input 
line 403.
(pdftex.def)             Requested size: 284.52937pt x 156.48999pt.

Overfull \hbox (173.5219pt too wide) has occurred while \output is active
 [][] 
 []

[23

 <./Imagenes/graficoPorcentajesPlantel.pdf>]
<Imagenes/graficoCertFnF.pdf, id=1411, 578.16pt x 433.62pt>
File: Imagenes/graficoCertFnF.pdf Graphic file (type pdf)
<use Imagenes/graficoCertFnF.pdf>
Package pdftex.def Info: Imagenes/graficoCertFnF.pdf  used on input line 414.
(pdftex.def)             Requested size: 284.52713pt x 156.49345pt.

Overfull \hbox (173.5219pt too wide) has occurred while \output is active
 [][] 
 []

[24

 <./Imagenes/graficoCertFnF.pdf>]
<Imagenes/graficoCertificacionPlantelFnF.pdf, id=1471, 578.16pt x 433.62pt>
File: Imagenes/graficoCertificacionPlantelFnF.pdf Graphic file (type pdf)
<use Imagenes/graficoCertificacionPlantelFnF.pdf>
Package pdftex.def Info: Imagenes/graficoCertificacionPlantelFnF.pdf  used on i
nput line 426.
(pdftex.def)             Requested size: 284.52713pt x 156.49345pt.

Overfull \hbox (173.5219pt too wide) has occurred while \output is active
 [][] 
 []

[25

 <./Imagenes/graficoCertificacionPlantelFnF.pdf>]
<Imagenes/graficoCertificacionPlantelesFnF.pdf, id=1531, 1190.4475pt x 616.3025
pt>
File: Imagenes/graficoCertificacionPlantelesFnF.pdf Graphic file (type pdf)
<use Imagenes/graficoCertificacionPlantelesFnF.pdf>
Package pdftex.def Info: Imagenes/graficoCertificacionPlantelesFnF.pdf  used on
 input line 440.
(pdftex.def)             Requested size: 284.51436pt x 156.48267pt.

Overfull \hbox (173.5219pt too wide) has occurred while \output is active
 [][] 
 []

[26

 <./Imagenes/GraficoCertificacionPlantelesFnF.pdf>]
<Imagenes/graficoCertificacionesLic.pdf, id=1591, 931.48pt x 530.98375pt>
File: Imagenes/graficoCertificacionesLic.pdf Graphic file (type pdf)
<use Imagenes/graficoCertificacionesLic.pdf>
Package pdftex.def Info: Imagenes/graficoCertificacionesLic.pdf  used on input 
line 453.
(pdftex.def)             Requested size: 284.52028pt x 156.493pt.

Overfull \hbox (173.5219pt too wide) has occurred while \output is active
 [][] 
 []

[27

 <./Imagenes/graficoCertificacionesLic.pdf>]
<Imagenes/graficoCertificacionesLicenciaturas.pdf, id=1650, 578.16pt x 433.62pt
>
File: Imagenes/graficoCertificacionesLicenciaturas.pdf Graphic file (type pdf)
<use Imagenes/graficoCertificacionesLicenciaturas.pdf>
Package pdftex.def Info: Imagenes/graficoCertificacionesLicenciaturas.pdf  used
 on input line 467.
(pdftex.def)             Requested size: 284.52713pt x 156.49345pt.

Overfull \hbox (173.5219pt too wide) has occurred while \output is active
 [][] 
 []

[28

 <./Imagenes/graficoCertificacionesLicenciaturas.pdf>]
<Imagenes/graficoCertificacionesLicGral.pdf, id=1710, 931.48pt x 530.98375pt>
File: Imagenes/graficoCertificacionesLicGral.pdf Graphic file (type pdf)
<use Imagenes/graficoCertificacionesLicGral.pdf>
Package pdftex.def Info: Imagenes/graficoCertificacionesLicGral.pdf  used on in
put line 481.
(pdftex.def)             Requested size: 284.52028pt x 156.493pt.

Overfull \hbox (173.5219pt too wide) has occurred while \output is active
 [][] 
 []

[29

 <./Imagenes/graficoCertificacionesLicGral.pdf>]
<Imagenes/GraficasCertificacionLicenciaturas1.pdf, id=1770, 599.23875pt x 563.1
0374pt>
File: Imagenes/GraficasCertificacionLicenciaturas1.pdf Graphic file (type pdf)
<use Imagenes/GraficasCertificacionLicenciaturas1.pdf>
Package pdftex.def Info: Imagenes/GraficasCertificacionLicenciaturas1.pdf  used
 on input line 494.
(pdftex.def)             Requested size: 284.53163pt x 156.49083pt.

Overfull \hbox (173.5219pt too wide) has occurred while \output is active
 [][] 
 []

[30

 <./Imagenes/GraficasCertificacionLicenciaturas1.pdf>]
<Imagenes/GraficasCertificacionLicenciaturas2.pdf, id=1829, 599.23875pt x 563.1
0374pt>
File: Imagenes/GraficasCertificacionLicenciaturas2.pdf Graphic file (type pdf)
<use Imagenes/GraficasCertificacionLicenciaturas2.pdf>
Package pdftex.def Info: Imagenes/GraficasCertificacionLicenciaturas2.pdf  used
 on input line 506.
(pdftex.def)             Requested size: 284.53163pt x 156.49083pt.

Overfull \hbox (173.5219pt too wide) has occurred while \output is active
 [][] 
 []

[31

 <./Imagenes/GraficasCertificacionLicenciaturas2.pdf>]
<Imagenes/GraficasCertificacionLicenciaturas3.pdf, id=1890, 599.23875pt x 563.1
0374pt>
File: Imagenes/GraficasCertificacionLicenciaturas3.pdf Graphic file (type pdf)
<use Imagenes/GraficasCertificacionLicenciaturas3.pdf>
Package pdftex.def Info: Imagenes/GraficasCertificacionLicenciaturas3.pdf  used
 on input line 519.
(pdftex.def)             Requested size: 284.53163pt x 156.49083pt.

Overfull \hbox (173.5219pt too wide) has occurred while \output is active
 [][] 
 []

[32

 <./Imagenes/GraficasCertificacionLicenciaturas3.pdf>]
<Imagenes/GraficasCertificacionLicenciaturas4.pdf, id=1949, 599.23875pt x 563.1
0374pt>
File: Imagenes/GraficasCertificacionLicenciaturas4.pdf Graphic file (type pdf)
<use Imagenes/GraficasCertificacionLicenciaturas4.pdf>
Package pdftex.def Info: Imagenes/GraficasCertificacionLicenciaturas4.pdf  used
 on input line 531.
(pdftex.def)             Requested size: 284.53163pt x 156.49083pt.

Overfull \hbox (173.5219pt too wide) has occurred while \output is active
 [][] 
 []

[33

 <./Imagenes/GraficasCertificacionLicenciaturas4.pdf>]
<Imagenes/GraficasCertificacionLicenciaturas5.pdf, id=2009, 599.23875pt x 563.1
0374pt>
File: Imagenes/GraficasCertificacionLicenciaturas5.pdf Graphic file (type pdf)
<use Imagenes/GraficasCertificacionLicenciaturas5.pdf>
Package pdftex.def Info: Imagenes/GraficasCertificacionLicenciaturas5.pdf  used
 on input line 544.
(pdftex.def)             Requested size: 284.53163pt x 156.49083pt.

Overfull \hbox (173.5219pt too wide) has occurred while \output is active
 [][] 
 []

[34

 <./Imagenes/GraficasCertificacionLicenciaturas5.pdf>]
<Imagenes/graficoCertificacionFavorableLic.pdf, id=2068, 616.3025pt x 449.68pt>

File: Imagenes/graficoCertificacionFavorableLic.pdf Graphic file (type pdf)
<use Imagenes/graficoCertificacionFavorableLic.pdf>
Package pdftex.def Info: Imagenes/graficoCertificacionFavorableLic.pdf  used on
 input line 557.
(pdftex.def)             Requested size: 284.52762pt x 156.49149pt.

Overfull \hbox (173.5219pt too wide) has occurred while \output is active
 [][] 
 []

[35

 <./Imagenes/graficoCertificacionFavorableLic.pdf>]
<Imagenes/graficoCertificacionNFLicenciatura.pdf, id=2128, 616.3025pt x 449.68p
t>
File: Imagenes/graficoCertificacionNFLicenciatura.pdf Graphic file (type pdf)
<use Imagenes/graficoCertificacionNFLicenciatura.pdf>
Package pdftex.def Info: Imagenes/graficoCertificacionNFLicenciatura.pdf  used 
on input line 570.
(pdftex.def)             Requested size: 284.52762pt x 156.49149pt.

Overfull \hbox (173.5219pt too wide) has occurred while \output is active
 [][] 
 []

[36

 <./Imagenes/graficoCertificacionNFLicenciatura.pdf>]
<Tablas/CertificacionAnual.png, id=2188, 355.3275pt x 356.33125pt>
File: Tablas/CertificacionAnual.png Graphic file (type png)
<use Tablas/CertificacionAnual.png>
Package pdftex.def Info: Tablas/CertificacionAnual.png  used on input line 582.

(pdftex.def)             Requested size: 284.53346pt x 156.48718pt.

Overfull \hbox (173.5219pt too wide) has occurred while \output is active
 [][] 
 []

[37

 <./Tablas/CertificacionAnual.png>]
<Tablas/CertificacionFnFPlanteles.png, id=2245, 257.96375pt x 174.6525pt>
File: Tablas/CertificacionFnFPlanteles.png Graphic file (type png)
<use Tablas/CertificacionFnFPlanteles.png>
Package pdftex.def Info: Tablas/CertificacionFnFPlanteles.png  used on input li
ne 593.
(pdftex.def)             Requested size: 284.55215pt x 156.49823pt.

Overfull \hbox (173.5219pt too wide) has occurred while \output is active
 [][] 
 []

[38

 <./Tablas/CertificacionFnFPlanteles.png>]
<Tablas/CertificacionLicFnF.png, id=2301, 365.365pt x 449.68pt>
File: Tablas/CertificacionLicFnF.png Graphic file (type png)
<use Tablas/CertificacionLicFnF.png>
Package pdftex.def Info: Tablas/CertificacionLicFnF.png  used on input line 604
.
(pdftex.def)             Requested size: 284.54312pt x 156.49149pt.

Overfull \hbox (173.5219pt too wide) has occurred while \output is active
 [][] 
 []

[39

 <./Tablas/CertificacionLicFnF.png>]
<Tablas/CertificacionLicPlanteles.png, id=2356, 529.98pt x 452.69125pt>
File: Tablas/CertificacionLicPlanteles.png Graphic file (type png)
<use Tablas/CertificacionLicPlanteles.png>
Package pdftex.def Info: Tablas/CertificacionLicPlanteles.png  used on input li
ne 616.
(pdftex.def)             Requested size: 284.52711pt x 156.48949pt.

Overfull \hbox (173.5219pt too wide) has occurred while \output is active
 [][] 
 []

[40

 <./Tablas/CertificacionLicPlanteles.png>]
<Tablas/CertificacionPlanteles.png, id=2412, 257.96375pt x 174.6525pt>
File: Tablas/CertificacionPlanteles.png Graphic file (type png)
<use Tablas/CertificacionPlanteles.png>
Package pdftex.def Info: Tablas/CertificacionPlanteles.png  used on input line 
627.
(pdftex.def)             Requested size: 284.55215pt x 156.49823pt.

Overfull \hbox (173.5219pt too wide) has occurred while \output is active
 [][] 
 []

[41

 <./Tablas/CertificacionPlanteles.png>]
<Tablas/CertificacionTtlLic.png, id=2467, 288.07625pt x 445.665pt>
File: Tablas/CertificacionTtlLic.png Graphic file (type png)
<use Tablas/CertificacionTtlLic.png>
Package pdftex.def Info: Tablas/CertificacionTtlLic.png  used on input line 638
.
(pdftex.def)             Requested size: 284.537pt x 156.4883pt.

Overfull \hbox (173.5219pt too wide) has occurred while \output is active
 [][] 
 []

[42

 <./Tablas/CertificacionTtlLic.png>]
<Tablas/MateriaMaxIntNoCert.png, id=2523, 670.505pt x 704.6325pt>
File: Tablas/MateriaMaxIntNoCert.png Graphic file (type png)
<use Tablas/MateriaMaxIntNoCert.png>
Package pdftex.def Info: Tablas/MateriaMaxIntNoCert.png  used on input line 650
.
(pdftex.def)             Requested size: 284.52603pt x 156.48187pt.

Overfull \hbox (173.5219pt too wide) has occurred while \output is active
 [][] 
 []

[43

 <./Tablas/MateriaMaxIntNoCert.png>]
<Tablas/MateriasCertPrimera.png, id=2579, 803.0pt x 571.13374pt>
File: Tablas/MateriasCertPrimera.png Graphic file (type png)
<use Tablas/MateriasCertPrimera.png>
Package pdftex.def Info: Tablas/MateriasCertPrimera.png  used on input line 661
.
(pdftex.def)             Requested size: 284.534pt x 156.49144pt.

Overfull \hbox (173.5219pt too wide) has occurred while \output is active
 [][] 
 []

[44

 <./Tablas/MateriasCertPrimera.png>]
<Tablas/MateriasMaxIntSiCert.png, id=2635, 664.4825pt x 616.3025pt>
File: Tablas/MateriasMaxIntSiCert.png Graphic file (type png)
<use Tablas/MateriasMaxIntSiCert.png>
Package pdftex.def Info: Tablas/MateriasMaxIntSiCert.png  used on input line 67
3.
(pdftex.def)             Requested size: 284.52548pt x 156.48267pt.

Overfull \hbox (173.5219pt too wide) has occurred while \output is active
 [][] 
 []

[45

 <./Tablas/MateriasMaxIntSiCert.png>]
<Tablas/MateriasNoCert.png, id=2690, 789.95125pt x 631.35875pt>
File: Tablas/MateriasNoCert.png Graphic file (type png)
<use Tablas/MateriasNoCert.png>
Package pdftex.def Info: Tablas/MateriasNoCert.png  used on input line 685.
(pdftex.def)             Requested size: 284.52687pt x 156.49057pt.

Overfull \hbox (173.5219pt too wide) has occurred while \output is active
 [][] 
 []

[46

 <./Tablas/MateriasNoCert.png>]
<Tablas/MateriasPromSiCert.png, id=2746, 738.76pt x 647.41875pt>
File: Tablas/MateriasPromSiCert.png Graphic file (type png)
<use Tablas/MateriasPromSiCert.png>
Package pdftex.def Info: Tablas/MateriasPromSiCert.png  used on input line 697.

(pdftex.def)             Requested size: 284.53056pt x 156.4901pt.

Overfull \hbox (173.5219pt too wide) has occurred while \output is active
 [][] 
 []

[47

 <./Tablas/MateriasPromSiCert.png>]
Overfull \hbox (173.5219pt too wide) has occurred while \output is active
 [][] 
 []

[48

]

LaTeX Font Warning: Font shape `T1/cmss/m/sc' undefined
(Font)              using `T1/cmss/m/n' instead on input line 726.


Overfull \hbox (173.5219pt too wide) has occurred while \output is active
 [][] 
 []

[49

 </usr/share/texlive/texmf-dist/tex/latex/beamer/beamericonarticle.pdf>]
\tf@nav=\write6
\openout6 = `PresentacionCertificacion.nav'.

\tf@toc=\write7
\openout7 = `PresentacionCertificacion.toc'.

\tf@snm=\write8
\openout8 = `PresentacionCertificacion.snm'.


(./PresentacionCertificacion.aux
LaTeX Info: Redefining \. on input line 25.
LaTeX Info: Redefining \% on input line 25.
)

LaTeX Font Warning: Some font shapes were not available, defaults substituted.


LaTeX Warning: There were undefined references.


LaTeX Warning: Label(s) may have changed. Rerun to get cross-references right.

Package rerunfilecheck Info: File `PresentacionCertificacion.out' has not chang
ed.
(rerunfilecheck)             Checksum: BCDD578C076A8D274DE31DAB1E94493C;515.
 ) 
Here is how much of TeX's memory you used:
 23813 strings out of 478287
 464404 string characters out of 5849290
 773961 words of memory out of 5000000
 41404 multiletter control sequences out of 15000+600000
 477646 words of font info for 40 fonts, out of 8000000 for 9000
 1141 hyphenation exceptions out of 8191
 128i,19n,122p,890b,874s stack positions out of 5000i,500n,10000p,200000b,80000s
{/usr/share/texmf/fonts/enc/dvips/cm-super/cm-super-t1.enc}</usr/share/texmf/
fonts/type1/public/cm-super/sfsi0600.pfb></usr/share/texmf/fonts/type1/public/c
m-super/sfsi1000.pfb></usr/share/texmf/fonts/type1/public/cm-super/sfss0600.pfb
></usr/share/texmf/fonts/type1/public/cm-super/sfss0800.pfb></usr/share/texmf/f
onts/type1/public/cm-super/sfss1000.pfb></usr/share/texmf/fonts/type1/public/cm
-super/sfss1095.pfb></usr/share/texmf/fonts/type1/public/cm-super/sfss1440.pfb>
</usr/share/texmf/fonts/type1/public/cm-super/sfss2488.pfb></usr/share/texmf/fo
nts/type1/public/cm-super/sfsx1000.pfb>
Output written on PresentacionCertificacion.pdf (49 pages, 1289679 bytes).
PDF statistics:
 2989 PDF objects out of 3580 (max. 8388607)
 2772 compressed objects within 28 object streams
 106 named destinations out of 1000 (max. 500000)
 242 words of extra memory for PDF output out of 10000 (max. 10000000)

